<!DOCTYPE html>

<html>
  <head>
  <title>TestNG reports</title>

    <link type="text/css" href="testng-reports.css" rel="stylesheet" />  
    <script type="text/javascript" src="jquery-1.7.1.min.js"></script>
    <script type="text/javascript" src="testng-reports.js"></script>
    <script type="text/javascript" src="https://www.google.com/jsapi"></script>
    <script type='text/javascript'>
      google.load('visualization', '1', {packages:['table']});
      google.setOnLoadCallback(drawTable);
      var suiteTableInitFunctions = new Array();
      var suiteTableData = new Array();
    </script>
    <!--
      <script type="text/javascript" src="jquery-ui/js/jquery-ui-1.8.16.custom.min.js"></script>
     -->
  </head>

  <body>
    <div class="top-banner-root">
      <span class="top-banner-title-font">Test results</span>
      <br/>
      <span class="top-banner-font-1">1 suite, 2 failed tests</span>
    </div> <!-- top-banner-root -->
    <div class="navigator-root">
      <div class="navigator-suite-header">
        <span>All suites</span>
        <a href="#" class="collapse-all-link" title="Collapse/expand all the suites">
          <img class="collapse-all-icon" src="collapseall.gif">
          </img> <!-- collapse-all-icon -->
        </a> <!-- collapse-all-link -->
      </div> <!-- navigator-suite-header -->
      <div class="suite">
        <div class="rounded-window">
          <div class="suite-header light-rounded-window-top">
            <a href="#" class="navigator-link" panel-name="suite-Create_Event_Test">
              <span class="suite-name border-failed">Create Event Test</span>
            </a> <!-- navigator-link -->
          </div> <!-- suite-header light-rounded-window-top -->
          <div class="navigator-suite-content">
            <div class="suite-section-title">
              <span>Info</span>
            </div> <!-- suite-section-title -->
            <div class="suite-section-content">
              <ul>
                <li>
                  <a href="#" class="navigator-link " panel-name="test-xml-Create_Event_Test">
                    <span>E:\git\automation\src\test\resources\xml-tests\completed-suites\CreateEventTest.xml</span>
                  </a> <!-- navigator-link  -->
                </li>
                <li>
                  <a href="#" class="navigator-link " panel-name="testlist-Create_Event_Test">
                    <span class="test-stats">1 test</span>
                  </a> <!-- navigator-link  -->
                </li>
                <li>
                  <a href="#" class="navigator-link " panel-name="group-Create_Event_Test">
                    <span>1 group</span>
                  </a> <!-- navigator-link  -->
                </li>
                <li>
                  <a href="#" class="navigator-link " panel-name="times-Create_Event_Test">
                    <span>Times</span>
                  </a> <!-- navigator-link  -->
                </li>
                <li>
                  <a href="#" class="navigator-link " panel-name="reporter-Create_Event_Test">
                    <span>Reporter output</span>
                  </a> <!-- navigator-link  -->
                </li>
                <li>
                  <a href="#" class="navigator-link " panel-name="ignored-methods-Create_Event_Test">
                    <span>Ignored methods</span>
                  </a> <!-- navigator-link  -->
                </li>
                <li>
                  <a href="#" class="navigator-link " panel-name="chronological-Create_Event_Test">
                    <span>Chronological view</span>
                  </a> <!-- navigator-link  -->
                </li>
              </ul>
            </div> <!-- suite-section-content -->
            <div class="result-section">
              <div class="suite-section-title">
                <span>Results</span>
              </div> <!-- suite-section-title -->
              <div class="suite-section-content">
                <ul>
                  <li>
                    <span class="method-stats">5 methods, 2 failed,  3 skipped,  </span>
                  </li>
                  <li>
                    <span class="method-list-title failed">Failed methods</span>
                    <span class="show-or-hide-methods failed">
                      <a href="#" panel-name="suite-Create_Event_Test" class="hide-methods failed suite-Create_Event_Test"> (hide)</a> <!-- hide-methods failed suite-Create_Event_Test -->
                      <a href="#" panel-name="suite-Create_Event_Test" class="show-methods failed suite-Create_Event_Test"> (show)</a> <!-- show-methods failed suite-Create_Event_Test -->
                    </span>
                    <div class="method-list-content failed suite-Create_Event_Test">
                      <span>
                        <img width="3%" src="failed.png"/>
                        <a href="#" class="method navigator-link" panel-name="suite-Create_Event_Test" title="com.IgniteEvents.automation.CreateEventTest" hash-for-method="createEventTest(eventRefferanceName, eventDescription, eventVisiblename, (GMT-05:00) Eastern Time, eventLocation, 35...)">createEventTest(eventRefferanceName, eventDescription, eventVisiblename, (GMT-05:00) Eastern Time, eventLocation, 35...)</a> <!-- method navigator-link -->
                      </span>
                      <br/>
                    </div> <!-- method-list-content failed suite-Create_Event_Test -->
                  </li>
                  <li>
                    <span class="method-list-title skipped">Skipped methods</span>
                    <span class="show-or-hide-methods skipped">
                      <a href="#" panel-name="suite-Create_Event_Test" class="hide-methods skipped suite-Create_Event_Test"> (hide)</a> <!-- hide-methods skipped suite-Create_Event_Test -->
                      <a href="#" panel-name="suite-Create_Event_Test" class="show-methods skipped suite-Create_Event_Test"> (show)</a> <!-- show-methods skipped suite-Create_Event_Test -->
                    </span>
                    <div class="method-list-content skipped suite-Create_Event_Test">
                      <span>
                        <img width="3%" src="skipped.png"/>
                        <a href="#" class="method navigator-link" panel-name="suite-Create_Event_Test" title="com.IgniteEvents.automation.CreateEventTest" hash-for-method="createEventTest(eventRefferanceName, eventDescription, eventVisiblename, (GMT-05:00) Eastern Time, eventLocation, 35...)">createEventTest(eventRefferanceName, eventDescription, eventVisiblename, (GMT-05:00) Eastern Time, eventLocation, 35...)</a> <!-- method navigator-link -->
                      </span>
                      <br/>
                      <span>
                        <img width="3%" src="skipped.png"/>
                        <a href="#" class="method navigator-link" panel-name="suite-Create_Event_Test" title="com.IgniteEvents.automation.CreateEventTest" hash-for-method="createEventTest(eventRefferanceName, eventDescription, eventVisiblename, (GMT-05:00) Eastern Time, eventLocation, 35...)">createEventTest(eventRefferanceName, eventDescription, eventVisiblename, (GMT-05:00) Eastern Time, eventLocation, 35...)</a> <!-- method navigator-link -->
                      </span>
                      <br/>
                      <span>
                        <img width="3%" src="skipped.png"/>
                        <a href="#" class="method navigator-link" panel-name="suite-Create_Event_Test" title="com.IgniteEvents.automation.CreateEventTest" hash-for-method="createEventTest(eventRefferanceName, eventDescription, eventVisiblename, (GMT-05:00) Eastern Time, eventLocation, 35...)">createEventTest(eventRefferanceName, eventDescription, eventVisiblename, (GMT-05:00) Eastern Time, eventLocation, 35...)</a> <!-- method navigator-link -->
                      </span>
                      <br/>
                      <span>
                        <img width="3%" src="skipped.png"/>
                        <a href="#" class="method navigator-link" panel-name="suite-Create_Event_Test" title="com.IgniteEvents.automation.CreateEventTest" hash-for-method="eventCheckout">eventCheckout</a> <!-- method navigator-link -->
                      </span>
                      <br/>
                    </div> <!-- method-list-content skipped suite-Create_Event_Test -->
                  </li>
                </ul>
              </div> <!-- suite-section-content -->
            </div> <!-- result-section -->
          </div> <!-- navigator-suite-content -->
        </div> <!-- rounded-window -->
      </div> <!-- suite -->
    </div> <!-- navigator-root -->
    <div class="wrapper">
      <div class="main-panel-root">
        <div panel-name="suite-Create_Event_Test" class="panel Create_Event_Test">
          <div class="suite-Create_Event_Test-class-failed">
            <div class="main-panel-header rounded-window-top">
              <img src="failed.png"/>
              <span class="class-name">com.IgniteEvents.automation.CreateEventTest</span>
            </div> <!-- main-panel-header rounded-window-top -->
            <div class="main-panel-content rounded-window-bottom">
              <div class="method">
                <div class="method-content">
                  <a name="createEventTest(eventRefferanceName, eventDescription, eventVisiblename, (GMT-05:00) Eastern Time, eventLocation, 35...)">
                  </a> <!-- createEventTest(eventRefferanceName, eventDescription, eventVisiblename, (GMT-05:00) Eastern Time, eventLocation, 35...) -->
                  <span class="method-name">createEventTest</span>
                  <span class="parameters">(eventRefferanceName, eventDescription, eventVisiblename, (GMT-05:00) Eastern Time, eventLocation, 350 5th Ave, New York, New York, 10118, ticketName, ticketDescription, 20.00, 2, 30)</span>
                  <div class="stack-trace"><b>"org.openqa.selenium.ElementNotVisibleException: Create Ticket Button
Build info: version: &apos;2.53.1&apos;, revision: &apos;a36b8b1cd5757287168e54b817830adce9b0158d&apos;, time: &apos;2016-06-30 19:26:09&apos;
System info: host: &apos;ribhu&apos;, ip: &apos;192.168.15.168&apos;, os.name: &apos;Windows 10&apos;, os.arch: &apos;amd64&apos;, os.version: &apos;10.0&apos;, java.version: &apos;1.8.0_101&apos;
Driver info: driver.version: unknown
	at com.IgniteEvents.automation.elements.impl.ElementImpl.click(ElementImpl.java:282)
	at com.IgniteEvents.automation.elements.impl.ElementImpl.click(ElementImpl.java:92)
	at com.IgniteEvents.automation.elements.impl.ButtonImpl.click(ButtonImpl.java:1)
	at com.IgniteEvents.automation.pages.hq.events.AddEventPage.createTicket(AddEventPage.java:105)
	at com.IgniteEvents.automation.CreateEventTest.createEventTest(CreateEventTest.java:39)
	at sun.reflect.NativeMethodAccessorImpl.invoke0(Native Method)
	at sun.reflect.NativeMethodAccessorImpl.invoke(Unknown Source)
	at sun.reflect.DelegatingMethodAccessorImpl.invoke(Unknown Source)
	at java.lang.reflect.Method.invoke(Unknown Source)
	at org.testng.internal.MethodInvocationHelper.invokeMethod(MethodInvocationHelper.java:80)
	at org.testng.internal.Invoker.invokeMethod(Invoker.java:714)
	at org.testng.internal.Invoker.retryFailed(Invoker.java:1049)
	at org.testng.internal.Invoker.invokeTestMethods(Invoker.java:1254)
	at org.testng.internal.TestMethodWorker.invokeTestMethods(TestMethodWorker.java:127)
	at org.testng.internal.TestMethodWorker.run(TestMethodWorker.java:111)
	at org.testng.TestRunner.privateRun(TestRunner.java:767)
	at org.testng.TestRunner.run(TestRunner.java:617)
	at org.testng.SuiteRunner.runTest(SuiteRunner.java:334)
	at org.testng.SuiteRunner.runSequentially(SuiteRunner.java:329)
	at org.testng.SuiteRunner.privateRun(SuiteRunner.java:291)
	at org.testng.SuiteRunner.run(SuiteRunner.java:240)
	at org.testng.SuiteRunnerWorker.runSuite(SuiteRunnerWorker.java:52)
	at org.testng.SuiteRunnerWorker.run(SuiteRunnerWorker.java:86)
	at org.testng.TestNG.runSuitesSequentially(TestNG.java:1198)
	at org.testng.TestNG.runSuitesLocally(TestNG.java:1123)
	at org.testng.TestNG.run(TestNG.java:1031)
	at org.testng.remote.AbstractRemoteTestNG.run(AbstractRemoteTestNG.java:126)
	at org.testng.remote.RemoteTestNG.initAndRun(RemoteTestNG.java:152)
	at org.testng.remote.RemoteTestNG.main(RemoteTestNG.java:57)
<br/> org.openqa.selenium.ElementNotVisibleException: Create Ticket Button
Build info: version: &apos;2.53.1&apos;, revision: &apos;a36b8b1cd5757287168e54b817830adce9b0158d&apos;, time: &apos;2016-06-30 19:26:09&apos;
System info: host: &apos;ribhu&apos;, ip: &apos;192.168.15.168&apos;, os.name: &apos;Windows 10&apos;, os.arch: &apos;amd64&apos;, os.version: &apos;10.0&apos;, java.version: &apos;1.8.0_101&apos;
Driver info: driver.version: unknown
	at com.IgniteEvents.automation.elements.impl.ElementImpl.click(ElementImpl.java:282)
	at com.IgniteEvents.automation.elements.impl.ElementImpl.click(ElementImpl.java:92)
	at com.IgniteEvents.automation.elements.impl.ButtonImpl.click(ButtonImpl.java:1)
	at com.IgniteEvents.automation.pages.hq.events.AddEventPage.createTicket(AddEventPage.java:105)
	at com.IgniteEvents.automation.CreateEventTest.createEventTest(CreateEventTest.java:39)
	at sun.reflect.NativeMethodAccessorImpl.invoke0(Native Method)
	at sun.reflect.NativeMethodAccessorImpl.invoke(Unknown Source)
	at sun.reflect.DelegatingMethodAccessorImpl.invoke(Unknown Source)
	at java.lang.reflect.Method.invoke(Unknown Source)
	at org.testng.internal.MethodInvocationHelper.invokeMethod(MethodInvocationHelper.java:80)
	at org.testng.internal.Invoker.invokeMethod(Invoker.java:714)
	at org.testng.internal.Invoker.retryFailed(Invoker.java:1049)
	at org.testng.internal.Invoker.invokeTestMethods(Invoker.java:1254)
	at org.testng.internal.TestMethodWorker.invokeTestMethods(TestMethodWorker.java:127)
	at org.testng.internal.TestMethodWorker.run(TestMethodWorker.java:111)
	at org.testng.TestRunner.privateRun(TestRunner.java:767)
	at org.testng.TestRunner.run(TestRunner.java:617)
	at org.testng.SuiteRunner.runTest(SuiteRunner.java:334)
	at org.testng.SuiteRunner.runSequentially(SuiteRunner.java:329)
	at org.testng.SuiteRunner.privateRun(SuiteRunner.java:291)
	at org.testng.SuiteRunner.run(SuiteRunner.java:240)
	at org.testng.SuiteRunnerWorker.runSuite(SuiteRunnerWorker.java:52)
	at org.testng.SuiteRunnerWorker.run(SuiteRunnerWorker.java:86)
	at org.testng.TestNG.runSuitesSequentially(TestNG.java:1198)
	at org.testng.TestNG.runSuitesLocally(TestNG.java:1123)
	at org.testng.TestNG.run(TestNG.java:1031)
	at org.testng.remote.AbstractRemoteTestNG.run(AbstractRemoteTestNG.java:126)
	at org.testng.remote.RemoteTestNG.initAndRun(RemoteTestNG.java:152)
	at org.testng.remote.RemoteTestNG.main(RemoteTestNG.java:57)
"</b><br>com.IgniteEvents.automation.elements.impl.ElementImpl.click(ElementImpl.java:282)<br>com.IgniteEvents.automation.elements.impl.ElementImpl.click(ElementImpl.java:92)<br>com.IgniteEvents.automation.elements.impl.ButtonImpl.click(ButtonImpl.java:1)<br>com.IgniteEvents.automation.pages.hq.events.AddEventPage.createTicket(AddEventPage.java:105)<br>com.IgniteEvents.automation.CreateEventTest.createEventTest(CreateEventTest.java:39)<br>sun.reflect.NativeMethodAccessorImpl.invoke0(Native Method)<br>sun.reflect.NativeMethodAccessorImpl.invoke(Unknown Source)<br>sun.reflect.DelegatingMethodAccessorImpl.invoke(Unknown Source)<br>java.lang.reflect.Method.invoke(Unknown Source)<br>org.testng.internal.MethodInvocationHelper.invokeMethod(MethodInvocationHelper.java:80)<br>org.testng.internal.Invoker.invokeMethod(Invoker.java:714)<br>org.testng.internal.Invoker.retryFailed(Invoker.java:1049)<br>org.testng.internal.Invoker.invokeTestMethods(Invoker.java:1254)<br>org.testng.internal.TestMethodWorker.invokeTestMethods(TestMethodWorker.java:127)<br>org.testng.internal.TestMethodWorker.run(TestMethodWorker.java:111)<br>org.testng.TestRunner.privateRun(TestRunner.java:767)<br>org.testng.TestRunner.run(TestRunner.java:617)<br>org.testng.SuiteRunner.runTest(SuiteRunner.java:334)<br>org.testng.SuiteRunner.runSequentially(SuiteRunner.java:329)<br>org.testng.SuiteRunner.privateRun(SuiteRunner.java:291)<br>org.testng.SuiteRunner.run(SuiteRunner.java:240)<br>org.testng.SuiteRunnerWorker.runSuite(SuiteRunnerWorker.java:52)<br>org.testng.SuiteRunnerWorker.run(SuiteRunnerWorker.java:86)<br>org.testng.TestNG.runSuitesSequentially(TestNG.java:1198)<br>org.testng.TestNG.runSuitesLocally(TestNG.java:1123)<br>org.testng.TestNG.run(TestNG.java:1031)<br>org.testng.remote.AbstractRemoteTestNG.run(AbstractRemoteTestNG.java:126)<br>org.testng.remote.RemoteTestNG.initAndRun(RemoteTestNG.java:152)<br>org.testng.remote.RemoteTestNG.main(RemoteTestNG.java:57)<br>
</div> <!-- stack-trace -->
                </div> <!-- method-content -->
              </div> <!-- method -->
              <div class="method">
                <div class="method-content">
                  <a name="createEventTest(eventRefferanceName, eventDescription, eventVisiblename, (GMT-05:00) Eastern Time, eventLocation, 35...)">
                  </a> <!-- createEventTest(eventRefferanceName, eventDescription, eventVisiblename, (GMT-05:00) Eastern Time, eventLocation, 35...) -->
                  <span class="method-name">createEventTest</span>
                  <span class="parameters">(eventRefferanceName, eventDescription, eventVisiblename, (GMT-05:00) Eastern Time, eventLocation, 350 5th Ave, New York, New York, 10118, ticketName, ticketDescription, 20.00, 2, 30)</span>
                  <div class="stack-trace"><b>"org.openqa.selenium.ElementNotVisibleException: Create Ticket Button
Build info: version: &apos;2.53.1&apos;, revision: &apos;a36b8b1cd5757287168e54b817830adce9b0158d&apos;, time: &apos;2016-06-30 19:26:09&apos;
System info: host: &apos;ribhu&apos;, ip: &apos;192.168.15.168&apos;, os.name: &apos;Windows 10&apos;, os.arch: &apos;amd64&apos;, os.version: &apos;10.0&apos;, java.version: &apos;1.8.0_101&apos;
Driver info: driver.version: unknown
	at com.IgniteEvents.automation.elements.impl.ElementImpl.click(ElementImpl.java:282)
	at com.IgniteEvents.automation.elements.impl.ElementImpl.click(ElementImpl.java:92)
	at com.IgniteEvents.automation.elements.impl.ButtonImpl.click(ButtonImpl.java:1)
	at com.IgniteEvents.automation.pages.hq.events.AddEventPage.createTicket(AddEventPage.java:105)
	at com.IgniteEvents.automation.CreateEventTest.createEventTest(CreateEventTest.java:39)
	at sun.reflect.NativeMethodAccessorImpl.invoke0(Native Method)
	at sun.reflect.NativeMethodAccessorImpl.invoke(Unknown Source)
	at sun.reflect.DelegatingMethodAccessorImpl.invoke(Unknown Source)
	at java.lang.reflect.Method.invoke(Unknown Source)
	at org.testng.internal.MethodInvocationHelper.invokeMethod(MethodInvocationHelper.java:80)
	at org.testng.internal.Invoker.invokeMethod(Invoker.java:714)
	at org.testng.internal.Invoker.retryFailed(Invoker.java:1049)
	at org.testng.internal.Invoker.invokeTestMethods(Invoker.java:1254)
	at org.testng.internal.TestMethodWorker.invokeTestMethods(TestMethodWorker.java:127)
	at org.testng.internal.TestMethodWorker.run(TestMethodWorker.java:111)
	at org.testng.TestRunner.privateRun(TestRunner.java:767)
	at org.testng.TestRunner.run(TestRunner.java:617)
	at org.testng.SuiteRunner.runTest(SuiteRunner.java:334)
	at org.testng.SuiteRunner.runSequentially(SuiteRunner.java:329)
	at org.testng.SuiteRunner.privateRun(SuiteRunner.java:291)
	at org.testng.SuiteRunner.run(SuiteRunner.java:240)
	at org.testng.SuiteRunnerWorker.runSuite(SuiteRunnerWorker.java:52)
	at org.testng.SuiteRunnerWorker.run(SuiteRunnerWorker.java:86)
	at org.testng.TestNG.runSuitesSequentially(TestNG.java:1198)
	at org.testng.TestNG.runSuitesLocally(TestNG.java:1123)
	at org.testng.TestNG.run(TestNG.java:1031)
	at org.testng.remote.AbstractRemoteTestNG.run(AbstractRemoteTestNG.java:126)
	at org.testng.remote.RemoteTestNG.initAndRun(RemoteTestNG.java:152)
	at org.testng.remote.RemoteTestNG.main(RemoteTestNG.java:57)
<br/> org.openqa.selenium.ElementNotVisibleException: Create Ticket Button
Build info: version: &apos;2.53.1&apos;, revision: &apos;a36b8b1cd5757287168e54b817830adce9b0158d&apos;, time: &apos;2016-06-30 19:26:09&apos;
System info: host: &apos;ribhu&apos;, ip: &apos;192.168.15.168&apos;, os.name: &apos;Windows 10&apos;, os.arch: &apos;amd64&apos;, os.version: &apos;10.0&apos;, java.version: &apos;1.8.0_101&apos;
Driver info: driver.version: unknown
	at com.IgniteEvents.automation.elements.impl.ElementImpl.click(ElementImpl.java:282)
	at com.IgniteEvents.automation.elements.impl.ElementImpl.click(ElementImpl.java:92)
	at com.IgniteEvents.automation.elements.impl.ButtonImpl.click(ButtonImpl.java:1)
	at com.IgniteEvents.automation.pages.hq.events.AddEventPage.createTicket(AddEventPage.java:105)
	at com.IgniteEvents.automation.CreateEventTest.createEventTest(CreateEventTest.java:39)
	at sun.reflect.NativeMethodAccessorImpl.invoke0(Native Method)
	at sun.reflect.NativeMethodAccessorImpl.invoke(Unknown Source)
	at sun.reflect.DelegatingMethodAccessorImpl.invoke(Unknown Source)
	at java.lang.reflect.Method.invoke(Unknown Source)
	at org.testng.internal.MethodInvocationHelper.invokeMethod(MethodInvocationHelper.java:80)
	at org.testng.internal.Invoker.invokeMethod(Invoker.java:714)
	at org.testng.internal.Invoker.retryFailed(Invoker.java:1049)
	at org.testng.internal.Invoker.invokeTestMethods(Invoker.java:1254)
	at org.testng.internal.TestMethodWorker.invokeTestMethods(TestMethodWorker.java:127)
	at org.testng.internal.TestMethodWorker.run(TestMethodWorker.java:111)
	at org.testng.TestRunner.privateRun(TestRunner.java:767)
	at org.testng.TestRunner.run(TestRunner.java:617)
	at org.testng.SuiteRunner.runTest(SuiteRunner.java:334)
	at org.testng.SuiteRunner.runSequentially(SuiteRunner.java:329)
	at org.testng.SuiteRunner.privateRun(SuiteRunner.java:291)
	at org.testng.SuiteRunner.run(SuiteRunner.java:240)
	at org.testng.SuiteRunnerWorker.runSuite(SuiteRunnerWorker.java:52)
	at org.testng.SuiteRunnerWorker.run(SuiteRunnerWorker.java:86)
	at org.testng.TestNG.runSuitesSequentially(TestNG.java:1198)
	at org.testng.TestNG.runSuitesLocally(TestNG.java:1123)
	at org.testng.TestNG.run(TestNG.java:1031)
	at org.testng.remote.AbstractRemoteTestNG.run(AbstractRemoteTestNG.java:126)
	at org.testng.remote.RemoteTestNG.initAndRun(RemoteTestNG.java:152)
	at org.testng.remote.RemoteTestNG.main(RemoteTestNG.java:57)
"</b><br>com.IgniteEvents.automation.elements.impl.ElementImpl.click(ElementImpl.java:282)<br>com.IgniteEvents.automation.elements.impl.ElementImpl.click(ElementImpl.java:92)<br>com.IgniteEvents.automation.elements.impl.ButtonImpl.click(ButtonImpl.java:1)<br>com.IgniteEvents.automation.pages.hq.events.AddEventPage.createTicket(AddEventPage.java:105)<br>com.IgniteEvents.automation.CreateEventTest.createEventTest(CreateEventTest.java:39)<br>sun.reflect.NativeMethodAccessorImpl.invoke0(Native Method)<br>sun.reflect.NativeMethodAccessorImpl.invoke(Unknown Source)<br>sun.reflect.DelegatingMethodAccessorImpl.invoke(Unknown Source)<br>java.lang.reflect.Method.invoke(Unknown Source)<br>org.testng.internal.MethodInvocationHelper.invokeMethod(MethodInvocationHelper.java:80)<br>org.testng.internal.Invoker.invokeMethod(Invoker.java:714)<br>org.testng.internal.Invoker.retryFailed(Invoker.java:1049)<br>org.testng.internal.Invoker.invokeTestMethods(Invoker.java:1254)<br>org.testng.internal.TestMethodWorker.invokeTestMethods(TestMethodWorker.java:127)<br>org.testng.internal.TestMethodWorker.run(TestMethodWorker.java:111)<br>org.testng.TestRunner.privateRun(TestRunner.java:767)<br>org.testng.TestRunner.run(TestRunner.java:617)<br>org.testng.SuiteRunner.runTest(SuiteRunner.java:334)<br>org.testng.SuiteRunner.runSequentially(SuiteRunner.java:329)<br>org.testng.SuiteRunner.privateRun(SuiteRunner.java:291)<br>org.testng.SuiteRunner.run(SuiteRunner.java:240)<br>org.testng.SuiteRunnerWorker.runSuite(SuiteRunnerWorker.java:52)<br>org.testng.SuiteRunnerWorker.run(SuiteRunnerWorker.java:86)<br>org.testng.TestNG.runSuitesSequentially(TestNG.java:1198)<br>org.testng.TestNG.runSuitesLocally(TestNG.java:1123)<br>org.testng.TestNG.run(TestNG.java:1031)<br>org.testng.remote.AbstractRemoteTestNG.run(AbstractRemoteTestNG.java:126)<br>org.testng.remote.RemoteTestNG.initAndRun(RemoteTestNG.java:152)<br>org.testng.remote.RemoteTestNG.main(RemoteTestNG.java:57)<br>
</div> <!-- stack-trace -->
                </div> <!-- method-content -->
              </div> <!-- method -->
            </div> <!-- main-panel-content rounded-window-bottom -->
          </div> <!-- suite-Create_Event_Test-class-failed -->
          <div class="suite-Create_Event_Test-class-skipped">
            <div class="main-panel-header rounded-window-top">
              <img src="skipped.png"/>
              <span class="class-name">com.IgniteEvents.automation.CreateEventTest</span>
            </div> <!-- main-panel-header rounded-window-top -->
            <div class="main-panel-content rounded-window-bottom">
              <div class="method">
                <div class="method-content">
                  <a name="createEventTest(eventRefferanceName, eventDescription, eventVisiblename, (GMT-05:00) Eastern Time, eventLocation, 35...)">
                  </a> <!-- createEventTest(eventRefferanceName, eventDescription, eventVisiblename, (GMT-05:00) Eastern Time, eventLocation, 35...) -->
                  <span class="method-name">createEventTest</span>
                  <span class="parameters">(eventRefferanceName, eventDescription, eventVisiblename, (GMT-05:00) Eastern Time, eventLocation, 350 5th Ave, New York, New York, 10118, ticketName, ticketDescription, 20.00, 2, 30)</span>
                  <div class="stack-trace"><b>"org.openqa.selenium.ElementNotVisibleException: Create Ticket Button
Build info: version: &apos;2.53.1&apos;, revision: &apos;a36b8b1cd5757287168e54b817830adce9b0158d&apos;, time: &apos;2016-06-30 19:26:09&apos;
System info: host: &apos;ribhu&apos;, ip: &apos;192.168.15.168&apos;, os.name: &apos;Windows 10&apos;, os.arch: &apos;amd64&apos;, os.version: &apos;10.0&apos;, java.version: &apos;1.8.0_101&apos;
Driver info: driver.version: unknown
	at com.IgniteEvents.automation.elements.impl.ElementImpl.click(ElementImpl.java:282)
	at com.IgniteEvents.automation.elements.impl.ElementImpl.click(ElementImpl.java:92)
	at com.IgniteEvents.automation.elements.impl.ButtonImpl.click(ButtonImpl.java:1)
	at com.IgniteEvents.automation.pages.hq.events.AddEventPage.createTicket(AddEventPage.java:105)
	at com.IgniteEvents.automation.CreateEventTest.createEventTest(CreateEventTest.java:39)
	at sun.reflect.NativeMethodAccessorImpl.invoke0(Native Method)
	at sun.reflect.NativeMethodAccessorImpl.invoke(Unknown Source)
	at sun.reflect.DelegatingMethodAccessorImpl.invoke(Unknown Source)
	at java.lang.reflect.Method.invoke(Unknown Source)
	at org.testng.internal.MethodInvocationHelper.invokeMethod(MethodInvocationHelper.java:80)
	at org.testng.internal.Invoker.invokeMethod(Invoker.java:714)
	at org.testng.internal.Invoker.invokeTestMethod(Invoker.java:901)
	at org.testng.internal.Invoker.invokeTestMethods(Invoker.java:1231)
	at org.testng.internal.TestMethodWorker.invokeTestMethods(TestMethodWorker.java:127)
	at org.testng.internal.TestMethodWorker.run(TestMethodWorker.java:111)
	at org.testng.TestRunner.privateRun(TestRunner.java:767)
	at org.testng.TestRunner.run(TestRunner.java:617)
	at org.testng.SuiteRunner.runTest(SuiteRunner.java:334)
	at org.testng.SuiteRunner.runSequentially(SuiteRunner.java:329)
	at org.testng.SuiteRunner.privateRun(SuiteRunner.java:291)
	at org.testng.SuiteRunner.run(SuiteRunner.java:240)
	at org.testng.SuiteRunnerWorker.runSuite(SuiteRunnerWorker.java:52)
	at org.testng.SuiteRunnerWorker.run(SuiteRunnerWorker.java:86)
	at org.testng.TestNG.runSuitesSequentially(TestNG.java:1198)
	at org.testng.TestNG.runSuitesLocally(TestNG.java:1123)
	at org.testng.TestNG.run(TestNG.java:1031)
	at org.testng.remote.AbstractRemoteTestNG.run(AbstractRemoteTestNG.java:126)
	at org.testng.remote.RemoteTestNG.initAndRun(RemoteTestNG.java:152)
	at org.testng.remote.RemoteTestNG.main(RemoteTestNG.java:57)
<br/> org.openqa.selenium.ElementNotVisibleException: Create Ticket Button
Build info: version: &apos;2.53.1&apos;, revision: &apos;a36b8b1cd5757287168e54b817830adce9b0158d&apos;, time: &apos;2016-06-30 19:26:09&apos;
System info: host: &apos;ribhu&apos;, ip: &apos;192.168.15.168&apos;, os.name: &apos;Windows 10&apos;, os.arch: &apos;amd64&apos;, os.version: &apos;10.0&apos;, java.version: &apos;1.8.0_101&apos;
Driver info: driver.version: unknown
	at com.IgniteEvents.automation.elements.impl.ElementImpl.click(ElementImpl.java:282)
	at com.IgniteEvents.automation.elements.impl.ElementImpl.click(ElementImpl.java:92)
	at com.IgniteEvents.automation.elements.impl.ButtonImpl.click(ButtonImpl.java:1)
	at com.IgniteEvents.automation.pages.hq.events.AddEventPage.createTicket(AddEventPage.java:105)
	at com.IgniteEvents.automation.CreateEventTest.createEventTest(CreateEventTest.java:39)
	at sun.reflect.NativeMethodAccessorImpl.invoke0(Native Method)
	at sun.reflect.NativeMethodAccessorImpl.invoke(Unknown Source)
	at sun.reflect.DelegatingMethodAccessorImpl.invoke(Unknown Source)
	at java.lang.reflect.Method.invoke(Unknown Source)
	at org.testng.internal.MethodInvocationHelper.invokeMethod(MethodInvocationHelper.java:80)
	at org.testng.internal.Invoker.invokeMethod(Invoker.java:714)
	at org.testng.internal.Invoker.invokeTestMethod(Invoker.java:901)
	at org.testng.internal.Invoker.invokeTestMethods(Invoker.java:1231)
	at org.testng.internal.TestMethodWorker.invokeTestMethods(TestMethodWorker.java:127)
	at org.testng.internal.TestMethodWorker.run(TestMethodWorker.java:111)
	at org.testng.TestRunner.privateRun(TestRunner.java:767)
	at org.testng.TestRunner.run(TestRunner.java:617)
	at org.testng.SuiteRunner.runTest(SuiteRunner.java:334)
	at org.testng.SuiteRunner.runSequentially(SuiteRunner.java:329)
	at org.testng.SuiteRunner.privateRun(SuiteRunner.java:291)
	at org.testng.SuiteRunner.run(SuiteRunner.java:240)
	at org.testng.SuiteRunnerWorker.runSuite(SuiteRunnerWorker.java:52)
	at org.testng.SuiteRunnerWorker.run(SuiteRunnerWorker.java:86)
	at org.testng.TestNG.runSuitesSequentially(TestNG.java:1198)
	at org.testng.TestNG.runSuitesLocally(TestNG.java:1123)
	at org.testng.TestNG.run(TestNG.java:1031)
	at org.testng.remote.AbstractRemoteTestNG.run(AbstractRemoteTestNG.java:126)
	at org.testng.remote.RemoteTestNG.initAndRun(RemoteTestNG.java:152)
	at org.testng.remote.RemoteTestNG.main(RemoteTestNG.java:57)
"</b><br>com.IgniteEvents.automation.elements.impl.ElementImpl.click(ElementImpl.java:282)<br>com.IgniteEvents.automation.elements.impl.ElementImpl.click(ElementImpl.java:92)<br>com.IgniteEvents.automation.elements.impl.ButtonImpl.click(ButtonImpl.java:1)<br>com.IgniteEvents.automation.pages.hq.events.AddEventPage.createTicket(AddEventPage.java:105)<br>com.IgniteEvents.automation.CreateEventTest.createEventTest(CreateEventTest.java:39)<br>sun.reflect.NativeMethodAccessorImpl.invoke0(Native Method)<br>sun.reflect.NativeMethodAccessorImpl.invoke(Unknown Source)<br>sun.reflect.DelegatingMethodAccessorImpl.invoke(Unknown Source)<br>java.lang.reflect.Method.invoke(Unknown Source)<br>org.testng.internal.MethodInvocationHelper.invokeMethod(MethodInvocationHelper.java:80)<br>org.testng.internal.Invoker.invokeMethod(Invoker.java:714)<br>org.testng.internal.Invoker.invokeTestMethod(Invoker.java:901)<br>org.testng.internal.Invoker.invokeTestMethods(Invoker.java:1231)<br>org.testng.internal.TestMethodWorker.invokeTestMethods(TestMethodWorker.java:127)<br>org.testng.internal.TestMethodWorker.run(TestMethodWorker.java:111)<br>org.testng.TestRunner.privateRun(TestRunner.java:767)<br>org.testng.TestRunner.run(TestRunner.java:617)<br>org.testng.SuiteRunner.runTest(SuiteRunner.java:334)<br>org.testng.SuiteRunner.runSequentially(SuiteRunner.java:329)<br>org.testng.SuiteRunner.privateRun(SuiteRunner.java:291)<br>org.testng.SuiteRunner.run(SuiteRunner.java:240)<br>org.testng.SuiteRunnerWorker.runSuite(SuiteRunnerWorker.java:52)<br>org.testng.SuiteRunnerWorker.run(SuiteRunnerWorker.java:86)<br>org.testng.TestNG.runSuitesSequentially(TestNG.java:1198)<br>org.testng.TestNG.runSuitesLocally(TestNG.java:1123)<br>org.testng.TestNG.run(TestNG.java:1031)<br>org.testng.remote.AbstractRemoteTestNG.run(AbstractRemoteTestNG.java:126)<br>org.testng.remote.RemoteTestNG.initAndRun(RemoteTestNG.java:152)<br>org.testng.remote.RemoteTestNG.main(RemoteTestNG.java:57)<br>
</div> <!-- stack-trace -->
                </div> <!-- method-content -->
              </div> <!-- method -->
              <div class="method">
                <div class="method-content">
                  <a name="createEventTest(eventRefferanceName, eventDescription, eventVisiblename, (GMT-05:00) Eastern Time, eventLocation, 35...)">
                  </a> <!-- createEventTest(eventRefferanceName, eventDescription, eventVisiblename, (GMT-05:00) Eastern Time, eventLocation, 35...) -->
                  <span class="method-name">createEventTest</span>
                  <span class="parameters">(eventRefferanceName, eventDescription, eventVisiblename, (GMT-05:00) Eastern Time, eventLocation, 350 5th Ave, New York, New York, 10118, ticketName, ticketDescription, 20.00, 2, 30)</span>
                  <div class="stack-trace"><b>"org.openqa.selenium.ElementNotVisibleException: Create Ticket Button
Build info: version: &apos;2.53.1&apos;, revision: &apos;a36b8b1cd5757287168e54b817830adce9b0158d&apos;, time: &apos;2016-06-30 19:26:09&apos;
System info: host: &apos;ribhu&apos;, ip: &apos;192.168.15.168&apos;, os.name: &apos;Windows 10&apos;, os.arch: &apos;amd64&apos;, os.version: &apos;10.0&apos;, java.version: &apos;1.8.0_101&apos;
Driver info: driver.version: unknown
	at com.IgniteEvents.automation.elements.impl.ElementImpl.click(ElementImpl.java:282)
	at com.IgniteEvents.automation.elements.impl.ElementImpl.click(ElementImpl.java:92)
	at com.IgniteEvents.automation.elements.impl.ButtonImpl.click(ButtonImpl.java:1)
	at com.IgniteEvents.automation.pages.hq.events.AddEventPage.createTicket(AddEventPage.java:105)
	at com.IgniteEvents.automation.CreateEventTest.createEventTest(CreateEventTest.java:39)
	at sun.reflect.NativeMethodAccessorImpl.invoke0(Native Method)
	at sun.reflect.NativeMethodAccessorImpl.invoke(Unknown Source)
	at sun.reflect.DelegatingMethodAccessorImpl.invoke(Unknown Source)
	at java.lang.reflect.Method.invoke(Unknown Source)
	at org.testng.internal.MethodInvocationHelper.invokeMethod(MethodInvocationHelper.java:80)
	at org.testng.internal.Invoker.invokeMethod(Invoker.java:714)
	at org.testng.internal.Invoker.retryFailed(Invoker.java:1049)
	at org.testng.internal.Invoker.invokeTestMethods(Invoker.java:1254)
	at org.testng.internal.TestMethodWorker.invokeTestMethods(TestMethodWorker.java:127)
	at org.testng.internal.TestMethodWorker.run(TestMethodWorker.java:111)
	at org.testng.TestRunner.privateRun(TestRunner.java:767)
	at org.testng.TestRunner.run(TestRunner.java:617)
	at org.testng.SuiteRunner.runTest(SuiteRunner.java:334)
	at org.testng.SuiteRunner.runSequentially(SuiteRunner.java:329)
	at org.testng.SuiteRunner.privateRun(SuiteRunner.java:291)
	at org.testng.SuiteRunner.run(SuiteRunner.java:240)
	at org.testng.SuiteRunnerWorker.runSuite(SuiteRunnerWorker.java:52)
	at org.testng.SuiteRunnerWorker.run(SuiteRunnerWorker.java:86)
	at org.testng.TestNG.runSuitesSequentially(TestNG.java:1198)
	at org.testng.TestNG.runSuitesLocally(TestNG.java:1123)
	at org.testng.TestNG.run(TestNG.java:1031)
	at org.testng.remote.AbstractRemoteTestNG.run(AbstractRemoteTestNG.java:126)
	at org.testng.remote.RemoteTestNG.initAndRun(RemoteTestNG.java:152)
	at org.testng.remote.RemoteTestNG.main(RemoteTestNG.java:57)
<br/> org.openqa.selenium.ElementNotVisibleException: Create Ticket Button
Build info: version: &apos;2.53.1&apos;, revision: &apos;a36b8b1cd5757287168e54b817830adce9b0158d&apos;, time: &apos;2016-06-30 19:26:09&apos;
System info: host: &apos;ribhu&apos;, ip: &apos;192.168.15.168&apos;, os.name: &apos;Windows 10&apos;, os.arch: &apos;amd64&apos;, os.version: &apos;10.0&apos;, java.version: &apos;1.8.0_101&apos;
Driver info: driver.version: unknown
	at com.IgniteEvents.automation.elements.impl.ElementImpl.click(ElementImpl.java:282)
	at com.IgniteEvents.automation.elements.impl.ElementImpl.click(ElementImpl.java:92)
	at com.IgniteEvents.automation.elements.impl.ButtonImpl.click(ButtonImpl.java:1)
	at com.IgniteEvents.automation.pages.hq.events.AddEventPage.createTicket(AddEventPage.java:105)
	at com.IgniteEvents.automation.CreateEventTest.createEventTest(CreateEventTest.java:39)
	at sun.reflect.NativeMethodAccessorImpl.invoke0(Native Method)
	at sun.reflect.NativeMethodAccessorImpl.invoke(Unknown Source)
	at sun.reflect.DelegatingMethodAccessorImpl.invoke(Unknown Source)
	at java.lang.reflect.Method.invoke(Unknown Source)
	at org.testng.internal.MethodInvocationHelper.invokeMethod(MethodInvocationHelper.java:80)
	at org.testng.internal.Invoker.invokeMethod(Invoker.java:714)
	at org.testng.internal.Invoker.retryFailed(Invoker.java:1049)
	at org.testng.internal.Invoker.invokeTestMethods(Invoker.java:1254)
	at org.testng.internal.TestMethodWorker.invokeTestMethods(TestMethodWorker.java:127)
	at org.testng.internal.TestMethodWorker.run(TestMethodWorker.java:111)
	at org.testng.TestRunner.privateRun(TestRunner.java:767)
	at org.testng.TestRunner.run(TestRunner.java:617)
	at org.testng.SuiteRunner.runTest(SuiteRunner.java:334)
	at org.testng.SuiteRunner.runSequentially(SuiteRunner.java:329)
	at org.testng.SuiteRunner.privateRun(SuiteRunner.java:291)
	at org.testng.SuiteRunner.run(SuiteRunner.java:240)
	at org.testng.SuiteRunnerWorker.runSuite(SuiteRunnerWorker.java:52)
	at org.testng.SuiteRunnerWorker.run(SuiteRunnerWorker.java:86)
	at org.testng.TestNG.runSuitesSequentially(TestNG.java:1198)
	at org.testng.TestNG.runSuitesLocally(TestNG.java:1123)
	at org.testng.TestNG.run(TestNG.java:1031)
	at org.testng.remote.AbstractRemoteTestNG.run(AbstractRemoteTestNG.java:126)
	at org.testng.remote.RemoteTestNG.initAndRun(RemoteTestNG.java:152)
	at org.testng.remote.RemoteTestNG.main(RemoteTestNG.java:57)
"</b><br>com.IgniteEvents.automation.elements.impl.ElementImpl.click(ElementImpl.java:282)<br>com.IgniteEvents.automation.elements.impl.ElementImpl.click(ElementImpl.java:92)<br>com.IgniteEvents.automation.elements.impl.ButtonImpl.click(ButtonImpl.java:1)<br>com.IgniteEvents.automation.pages.hq.events.AddEventPage.createTicket(AddEventPage.java:105)<br>com.IgniteEvents.automation.CreateEventTest.createEventTest(CreateEventTest.java:39)<br>sun.reflect.NativeMethodAccessorImpl.invoke0(Native Method)<br>sun.reflect.NativeMethodAccessorImpl.invoke(Unknown Source)<br>sun.reflect.DelegatingMethodAccessorImpl.invoke(Unknown Source)<br>java.lang.reflect.Method.invoke(Unknown Source)<br>org.testng.internal.MethodInvocationHelper.invokeMethod(MethodInvocationHelper.java:80)<br>org.testng.internal.Invoker.invokeMethod(Invoker.java:714)<br>org.testng.internal.Invoker.retryFailed(Invoker.java:1049)<br>org.testng.internal.Invoker.invokeTestMethods(Invoker.java:1254)<br>org.testng.internal.TestMethodWorker.invokeTestMethods(TestMethodWorker.java:127)<br>org.testng.internal.TestMethodWorker.run(TestMethodWorker.java:111)<br>org.testng.TestRunner.privateRun(TestRunner.java:767)<br>org.testng.TestRunner.run(TestRunner.java:617)<br>org.testng.SuiteRunner.runTest(SuiteRunner.java:334)<br>org.testng.SuiteRunner.runSequentially(SuiteRunner.java:329)<br>org.testng.SuiteRunner.privateRun(SuiteRunner.java:291)<br>org.testng.SuiteRunner.run(SuiteRunner.java:240)<br>org.testng.SuiteRunnerWorker.runSuite(SuiteRunnerWorker.java:52)<br>org.testng.SuiteRunnerWorker.run(SuiteRunnerWorker.java:86)<br>org.testng.TestNG.runSuitesSequentially(TestNG.java:1198)<br>org.testng.TestNG.runSuitesLocally(TestNG.java:1123)<br>org.testng.TestNG.run(TestNG.java:1031)<br>org.testng.remote.AbstractRemoteTestNG.run(AbstractRemoteTestNG.java:126)<br>org.testng.remote.RemoteTestNG.initAndRun(RemoteTestNG.java:152)<br>org.testng.remote.RemoteTestNG.main(RemoteTestNG.java:57)<br>
</div> <!-- stack-trace -->
                </div> <!-- method-content -->
              </div> <!-- method -->
              <div class="method">
                <div class="method-content">
                  <a name="eventCheckout">
                  </a> <!-- eventCheckout -->
                  <span class="method-name">eventCheckout</span>
                </div> <!-- method-content -->
              </div> <!-- method -->
            </div> <!-- main-panel-content rounded-window-bottom -->
          </div> <!-- suite-Create_Event_Test-class-skipped -->
        </div> <!-- panel Create_Event_Test -->
        <div panel-name="test-xml-Create_Event_Test" class="panel">
          <div class="main-panel-header rounded-window-top">
            <span class="header-content">E:\git\automation\src\test\resources\xml-tests\completed-suites\CreateEventTest.xml</span>
          </div> <!-- main-panel-header rounded-window-top -->
          <div class="main-panel-content rounded-window-bottom">
            <pre>
&lt;?xml version=&quot;1.0&quot; encoding=&quot;UTF-8&quot;?&gt;
&lt;!DOCTYPE suite SYSTEM &quot;http://testng.org/testng-1.0.dtd&quot;&gt;
&lt;suite thread-count=&quot;1&quot; name=&quot;Create Event Test&quot;&gt;
  &lt;parameter name=&quot;USED_SERVER&quot; value=&quot;LOCAL&quot;/&gt;
  &lt;parameter name=&quot;USED_ENVIRONMENT&quot; value=&quot;TEST&quot;/&gt;
  &lt;test verbose=&quot;2&quot; name=&quot;Cretae and publish Event FIREFOX&quot;&gt;
    &lt;parameter name=&quot;eventAddress&quot; value=&quot;350 5th Ave&quot;/&gt;
    &lt;parameter name=&quot;deductibleAmount&quot; value=&quot;2&quot;/&gt;
    &lt;parameter name=&quot;eventLocation&quot; value=&quot;eventLocation&quot;/&gt;
    &lt;parameter name=&quot;timeZone&quot; value=&quot;(GMT-05:00) Eastern Time&quot;/&gt;
    &lt;parameter name=&quot;eventCity&quot; value=&quot;New York&quot;/&gt;
    &lt;parameter name=&quot;USED_BROWSER&quot; value=&quot;FIREFOX&quot;/&gt;
    &lt;parameter name=&quot;eventZip&quot; value=&quot;10118&quot;/&gt;
    &lt;parameter name=&quot;eventState&quot; value=&quot;New York&quot;/&gt;
    &lt;parameter name=&quot;totalAvailible&quot; value=&quot;30&quot;/&gt;
    &lt;parameter name=&quot;price&quot; value=&quot;20.00&quot;/&gt;
    &lt;parameter name=&quot;eventDescription&quot; value=&quot;eventDescription&quot;/&gt;
    &lt;parameter name=&quot;ticketDescription&quot; value=&quot;ticketDescription&quot;/&gt;
    &lt;parameter name=&quot;eventRefferanceName&quot; value=&quot;eventRefferanceName&quot;/&gt;
    &lt;parameter name=&quot;eventVisiblename&quot; value=&quot;eventVisiblename&quot;/&gt;
    &lt;parameter name=&quot;ticketName&quot; value=&quot;ticketName&quot;/&gt;
    &lt;groups&gt;
      &lt;run&gt;
        &lt;include name=&quot;createAndPublishEvent&quot;/&gt;
      &lt;/run&gt;
    &lt;/groups&gt;
    &lt;classes&gt;
      &lt;class name=&quot;com.IgniteEvents.automation.CreateEventTest&quot;/&gt;
    &lt;/classes&gt;
  &lt;/test&gt; &lt;!-- Cretae and publish Event FIREFOX --&gt;
&lt;/suite&gt; &lt;!-- Create Event Test --&gt;
            </pre>
          </div> <!-- main-panel-content rounded-window-bottom -->
        </div> <!-- panel -->
        <div panel-name="testlist-Create_Event_Test" class="panel">
          <div class="main-panel-header rounded-window-top">
            <span class="header-content">Tests for Create Event Test</span>
          </div> <!-- main-panel-header rounded-window-top -->
          <div class="main-panel-content rounded-window-bottom">
            <ul>
              <li>
                <span class="test-name">Cretae and publish Event FIREFOX (1 class)</span>
              </li>
            </ul>
          </div> <!-- main-panel-content rounded-window-bottom -->
        </div> <!-- panel -->
        <div panel-name="group-Create_Event_Test" class="panel">
          <div class="main-panel-header rounded-window-top">
            <span class="header-content">Groups for Create Event Test</span>
          </div> <!-- main-panel-header rounded-window-top -->
          <div class="main-panel-content rounded-window-bottom">
            <div class="test-group">
              <span class="test-group-name">createAndPublishEvent</span>
              <br/>
              <div class="method-in-group">
                <span class="method-in-group-name">createEventTest</span>
                <br/>
              </div> <!-- method-in-group -->
              <div class="method-in-group">
                <span class="method-in-group-name">eventCheckout</span>
                <br/>
              </div> <!-- method-in-group -->
            </div> <!-- test-group -->
          </div> <!-- main-panel-content rounded-window-bottom -->
        </div> <!-- panel -->
        <div panel-name="times-Create_Event_Test" class="panel">
          <div class="main-panel-header rounded-window-top">
            <span class="header-content">Times for Create Event Test</span>
          </div> <!-- main-panel-header rounded-window-top -->
          <div class="main-panel-content rounded-window-bottom">
            <div class="times-div">
              <script type="text/javascript">
suiteTableInitFunctions.push('tableData_Create_Event_Test');
function tableData_Create_Event_Test() {
var data = new google.visualization.DataTable();
data.addColumn('number', 'Number');
data.addColumn('string', 'Method');
data.addColumn('string', 'Class');
data.addColumn('number', 'Time (ms)');
data.addRows(5);
data.setCell(0, 0, 0)
data.setCell(0, 1, 'createEventTest')
data.setCell(0, 2, 'com.IgniteEvents.automation.CreateEventTest')
data.setCell(0, 3, 127572);
data.setCell(1, 0, 1)
data.setCell(1, 1, 'createEventTest')
data.setCell(1, 2, 'com.IgniteEvents.automation.CreateEventTest')
data.setCell(1, 3, 110133);
data.setCell(2, 0, 2)
data.setCell(2, 1, 'createEventTest')
data.setCell(2, 2, 'com.IgniteEvents.automation.CreateEventTest')
data.setCell(2, 3, 110133);
data.setCell(3, 0, 3)
data.setCell(3, 1, 'createEventTest')
data.setCell(3, 2, 'com.IgniteEvents.automation.CreateEventTest')
data.setCell(3, 3, 102566);
data.setCell(4, 0, 4)
data.setCell(4, 1, 'eventCheckout')
data.setCell(4, 2, 'com.IgniteEvents.automation.CreateEventTest')
data.setCell(4, 3, 0);
window.suiteTableData['Create_Event_Test']= { tableData: data, tableDiv: 'times-div-Create_Event_Test'}
return data;
}
              </script>
              <span class="suite-total-time">Total running time: 7 minutes</span>
              <div id="times-div-Create_Event_Test">
              </div> <!-- times-div-Create_Event_Test -->
            </div> <!-- times-div -->
          </div> <!-- main-panel-content rounded-window-bottom -->
        </div> <!-- panel -->
        <div panel-name="reporter-Create_Event_Test" class="panel">
          <div class="main-panel-header rounded-window-top">
            <span class="header-content">Reporter output for Create Event Test</span>
          </div> <!-- main-panel-header rounded-window-top -->
          <div class="main-panel-content rounded-window-bottom">
            <div class="reporter-method-div">
              <span class="reporter-method-name">createEventTest(eventRefferanceName, eventDescription, eventVisiblename, (GMT-05:00) Eastern Time, eventLocation, 35...)</span>
              <div class="reporter-method-output-div">
                <span class="reporter-method-output">Steps:</span>
                <span class="reporter-method-output">Open https://hq.test.igniteaction.net</span>
                <span class="reporter-method-output">Type eventRefferanceNameXCOZn in to the Event Refferance Name</span>
                <span class="reporter-method-output">Type eventDescription8BRyS in to the Event Description </span>
                <span class="reporter-method-output">Type eventVisiblename1WABjucxKD in to the Event Visible Name </span>
                <span class="reporter-method-output">Type eventLocation in to the Event Location Name </span>
                <span class="reporter-method-output">Type 10/17/2016 in to the ENDTime</span>
                <span class="reporter-method-output">Type 10/22/2016 in to the EndDate</span>
                <span class="reporter-method-output">Click on (GMT-05:00) Eastern Time item</span>
                <span class="reporter-method-output">Type 350 5th Ave in to the Event Location address </span>
                <span class="reporter-method-output">Type New York in to the Event Location address </span>
                <span class="reporter-method-output">Click on New York item</span>
                <span class="reporter-method-output">Type 10118 in to the Even  Location Zip</span>
                <span class="reporter-method-output"><a href='file:///E:\git\automation\test-output\fail-screenshots\createEventTest.png'>Screenshot</a></span>
              </div> <!-- reporter-method-output-div -->
            </div> <!-- reporter-method-div -->
          </div> <!-- main-panel-content rounded-window-bottom -->
        </div> <!-- panel -->
        <div panel-name="ignored-methods-Create_Event_Test" class="panel">
          <div class="main-panel-header rounded-window-top">
            <span class="header-content">0 ignored methods</span>
          </div> <!-- main-panel-header rounded-window-top -->
          <div class="main-panel-content rounded-window-bottom">
          </div> <!-- main-panel-content rounded-window-bottom -->
        </div> <!-- panel -->
        <div panel-name="chronological-Create_Event_Test" class="panel">
          <div class="main-panel-header rounded-window-top">
            <span class="header-content">Methods in chronological order</span>
          </div> <!-- main-panel-header rounded-window-top -->
          <div class="main-panel-content rounded-window-bottom">
            <div class="chronological-class">
              <div class="chronological-class-name">com.IgniteEvents.automation.CreateEventTest</div> <!-- chronological-class-name -->
              <div class="configuration-test before">
                <span class="method-name">beforeSuite(FIREFOX, TEST, LOCAL)</span>
                <span class="method-start">0 ms</span>
              </div> <!-- configuration-test before -->
              <div class="test-method">
                <span class="method-name">createEventTest(eventRefferanceName, eventDescription, eventVisiblename, (GMT-05:00) Eastern Time, eventLocation, 35...)</span>
                <span class="method-start">3889 ms</span>
              </div> <!-- test-method -->
              <div class="test-method">
                <span class="method-name">createEventTest(eventRefferanceName, eventDescription, eventVisiblename, (GMT-05:00) Eastern Time, eventLocation, 35...)</span>
                <span class="method-start">131493 ms</span>
              </div> <!-- test-method -->
              <div class="test-method">
                <img src="failed.png">
                </img>
                <span class="method-name">createEventTest(eventRefferanceName, eventDescription, eventVisiblename, (GMT-05:00) Eastern Time, eventLocation, 35...)</span>
                <span class="method-start">241667 ms</span>
              </div> <!-- test-method -->
              <div class="configuration-test after">
                <span class="method-name">stopTestOnDriver</span>
                <span class="method-start">344623 ms</span>
              </div> <!-- configuration-test after -->
          </div> <!-- main-panel-content rounded-window-bottom -->
        </div> <!-- panel -->
      </div> <!-- main-panel-root -->
    </div> <!-- wrapper -->
  </body>
</html>
