<?xml version="1.0" encoding="UTF-8"?>
<testng-results skipped="3" failed="2" total="5" passed="0">
  <reporter-output>
    <line>
      <![CDATA[Steps:]]>
    </line>
    <line>
      <![CDATA[Open https://hq.test.igniteaction.net]]>
    </line>
    <line>
      <![CDATA[Type eventRefferanceNameXCOZn in to the Event Refferance Name]]>
    </line>
    <line>
      <![CDATA[Type eventDescription8BRyS in to the Event Description ]]>
    </line>
    <line>
      <![CDATA[Type eventVisiblename1WABjucxKD in to the Event Visible Name ]]>
    </line>
    <line>
      <![CDATA[Type eventLocation in to the Event Location Name ]]>
    </line>
    <line>
      <![CDATA[Type 10/17/2016 in to the ENDTime]]>
    </line>
    <line>
      <![CDATA[Type 10/22/2016 in to the EndDate]]>
    </line>
    <line>
      <![CDATA[Click on (GMT-05:00) Eastern Time item]]>
    </line>
    <line>
      <![CDATA[Type 350 5th Ave in to the Event Location address ]]>
    </line>
    <line>
      <![CDATA[Type New York in to the Event Location address ]]>
    </line>
    <line>
      <![CDATA[Click on New York item]]>
    </line>
    <line>
      <![CDATA[Type 10118 in to the Even  Location Zip]]>
    </line>
    <line>
      <![CDATA[<a href='file:///E:\git\automation\test-output\fail-screenshots\createEventTest.png'>Screenshot</a>]]>
    </line>
  </reporter-output>
  <suite name="Create Event Test" duration-ms="345161" started-at="2016-10-17T11:43:36Z" finished-at="2016-10-17T11:49:21Z">
    <groups>
      <group name="createAndPublishEvent">
        <method signature="CreateEventTest.createEventTest(java.lang.String, java.lang.String, java.lang.String, java.lang.String, java.lang.String, java.lang.String, java.lang.String, java.lang.String, java.lang.String, java.lang.String, java.lang.String, java.lang.String, java.lang.String, java.lang.String)[pri:0, instance:com.IgniteEvents.automation.CreateEventTest@3c7f66c4]" name="createEventTest" class="com.IgniteEvents.automation.CreateEventTest"/>
        <method signature="CreateEventTest.eventCheckout()[pri:0, instance:com.IgniteEvents.automation.CreateEventTest@3c7f66c4]" name="eventCheckout" class="com.IgniteEvents.automation.CreateEventTest"/>
      </group> <!-- createAndPublishEvent -->
    </groups>
    <test name="Cretae and publish Event FIREFOX" duration-ms="345161" started-at="2016-10-17T11:43:36Z" finished-at="2016-10-17T11:49:21Z">
      <class name="com.IgniteEvents.automation.CreateEventTest">
        <test-method status="PASS" signature="beforeSuite(java.lang.String, java.lang.String, java.lang.String)[pri:0, instance:com.IgniteEvents.automation.CreateEventTest@3c7f66c4]" name="beforeSuite" is-config="true" duration-ms="3881" started-at="2016-10-17T14:43:36Z" finished-at="2016-10-17T14:43:40Z">
          <params>
            <param index="0">
              <value>
                <![CDATA[FIREFOX]]>
              </value>
            </param>
            <param index="1">
              <value>
                <![CDATA[TEST]]>
              </value>
            </param>
            <param index="2">
              <value>
                <![CDATA[LOCAL]]>
              </value>
            </param>
          </params>
          <reporter-output>
          </reporter-output>
        </test-method> <!-- beforeSuite -->
        <test-method status="SKIP" signature="createEventTest(java.lang.String, java.lang.String, java.lang.String, java.lang.String, java.lang.String, java.lang.String, java.lang.String, java.lang.String, java.lang.String, java.lang.String, java.lang.String, java.lang.String, java.lang.String, java.lang.String)[pri:0, instance:com.IgniteEvents.automation.CreateEventTest@3c7f66c4]" name="createEventTest" duration-ms="127572" started-at="2016-10-17T14:43:40Z" finished-at="2016-10-17T14:45:48Z">
          <params>
            <param index="0">
              <value>
                <![CDATA[eventRefferanceName]]>
              </value>
            </param>
            <param index="1">
              <value>
                <![CDATA[eventDescription]]>
              </value>
            </param>
            <param index="2">
              <value>
                <![CDATA[eventVisiblename]]>
              </value>
            </param>
            <param index="3">
              <value>
                <![CDATA[(GMT-05:00) Eastern Time]]>
              </value>
            </param>
            <param index="4">
              <value>
                <![CDATA[eventLocation]]>
              </value>
            </param>
            <param index="5">
              <value>
                <![CDATA[350 5th Ave]]>
              </value>
            </param>
            <param index="6">
              <value>
                <![CDATA[New York]]>
              </value>
            </param>
            <param index="7">
              <value>
                <![CDATA[New York]]>
              </value>
            </param>
            <param index="8">
              <value>
                <![CDATA[10118]]>
              </value>
            </param>
            <param index="9">
              <value>
                <![CDATA[ticketName]]>
              </value>
            </param>
            <param index="10">
              <value>
                <![CDATA[ticketDescription]]>
              </value>
            </param>
            <param index="11">
              <value>
                <![CDATA[20.00]]>
              </value>
            </param>
            <param index="12">
              <value>
                <![CDATA[2]]>
              </value>
            </param>
            <param index="13">
              <value>
                <![CDATA[30]]>
              </value>
            </param>
          </params>
          <exception class="org.openqa.selenium.ElementNotVisibleException">
            <message>
              <![CDATA[Create Ticket Button
Build info: version: '2.53.1', revision: 'a36b8b1cd5757287168e54b817830adce9b0158d', time: '2016-06-30 19:26:09'
System info: host: 'ribhu', ip: '192.168.15.168', os.name: 'Windows 10', os.arch: 'amd64', os.version: '10.0', java.version: '1.8.0_101'
Driver info: driver.version: unknown]]>
            </message>
            <full-stacktrace>
              <![CDATA[org.openqa.selenium.ElementNotVisibleException: Create Ticket Button
Build info: version: '2.53.1', revision: 'a36b8b1cd5757287168e54b817830adce9b0158d', time: '2016-06-30 19:26:09'
System info: host: 'ribhu', ip: '192.168.15.168', os.name: 'Windows 10', os.arch: 'amd64', os.version: '10.0', java.version: '1.8.0_101'
Driver info: driver.version: unknown
	at com.IgniteEvents.automation.elements.impl.ElementImpl.click(ElementImpl.java:282)
	at com.IgniteEvents.automation.elements.impl.ElementImpl.click(ElementImpl.java:92)
	at com.IgniteEvents.automation.elements.impl.ButtonImpl.click(ButtonImpl.java:1)
	at com.IgniteEvents.automation.pages.hq.events.AddEventPage.createTicket(AddEventPage.java:105)
	at com.IgniteEvents.automation.CreateEventTest.createEventTest(CreateEventTest.java:39)
	at sun.reflect.NativeMethodAccessorImpl.invoke0(Native Method)
	at sun.reflect.NativeMethodAccessorImpl.invoke(Unknown Source)
	at sun.reflect.DelegatingMethodAccessorImpl.invoke(Unknown Source)
	at java.lang.reflect.Method.invoke(Unknown Source)
	at org.testng.internal.MethodInvocationHelper.invokeMethod(MethodInvocationHelper.java:80)
	at org.testng.internal.Invoker.invokeMethod(Invoker.java:714)
	at org.testng.internal.Invoker.invokeTestMethod(Invoker.java:901)
	at org.testng.internal.Invoker.invokeTestMethods(Invoker.java:1231)
	at org.testng.internal.TestMethodWorker.invokeTestMethods(TestMethodWorker.java:127)
	at org.testng.internal.TestMethodWorker.run(TestMethodWorker.java:111)
	at org.testng.TestRunner.privateRun(TestRunner.java:767)
	at org.testng.TestRunner.run(TestRunner.java:617)
	at org.testng.SuiteRunner.runTest(SuiteRunner.java:334)
	at org.testng.SuiteRunner.runSequentially(SuiteRunner.java:329)
	at org.testng.SuiteRunner.privateRun(SuiteRunner.java:291)
	at org.testng.SuiteRunner.run(SuiteRunner.java:240)
	at org.testng.SuiteRunnerWorker.runSuite(SuiteRunnerWorker.java:52)
	at org.testng.SuiteRunnerWorker.run(SuiteRunnerWorker.java:86)
	at org.testng.TestNG.runSuitesSequentially(TestNG.java:1198)
	at org.testng.TestNG.runSuitesLocally(TestNG.java:1123)
	at org.testng.TestNG.run(TestNG.java:1031)
	at org.testng.remote.AbstractRemoteTestNG.run(AbstractRemoteTestNG.java:126)
	at org.testng.remote.RemoteTestNG.initAndRun(RemoteTestNG.java:152)
	at org.testng.remote.RemoteTestNG.main(RemoteTestNG.java:57)
]]>
            </full-stacktrace>
          </exception> <!-- org.openqa.selenium.ElementNotVisibleException -->
          <reporter-output>
          </reporter-output>
        </test-method> <!-- createEventTest -->
        <test-method status="SKIP" signature="createEventTest(java.lang.String, java.lang.String, java.lang.String, java.lang.String, java.lang.String, java.lang.String, java.lang.String, java.lang.String, java.lang.String, java.lang.String, java.lang.String, java.lang.String, java.lang.String, java.lang.String)[pri:0, instance:com.IgniteEvents.automation.CreateEventTest@3c7f66c4]" name="createEventTest" duration-ms="110133" started-at="2016-10-17T14:45:48Z" finished-at="2016-10-17T14:47:38Z">
          <params>
            <param index="0">
              <value>
                <![CDATA[eventRefferanceName]]>
              </value>
            </param>
            <param index="1">
              <value>
                <![CDATA[eventDescription]]>
              </value>
            </param>
            <param index="2">
              <value>
                <![CDATA[eventVisiblename]]>
              </value>
            </param>
            <param index="3">
              <value>
                <![CDATA[(GMT-05:00) Eastern Time]]>
              </value>
            </param>
            <param index="4">
              <value>
                <![CDATA[eventLocation]]>
              </value>
            </param>
            <param index="5">
              <value>
                <![CDATA[350 5th Ave]]>
              </value>
            </param>
            <param index="6">
              <value>
                <![CDATA[New York]]>
              </value>
            </param>
            <param index="7">
              <value>
                <![CDATA[New York]]>
              </value>
            </param>
            <param index="8">
              <value>
                <![CDATA[10118]]>
              </value>
            </param>
            <param index="9">
              <value>
                <![CDATA[ticketName]]>
              </value>
            </param>
            <param index="10">
              <value>
                <![CDATA[ticketDescription]]>
              </value>
            </param>
            <param index="11">
              <value>
                <![CDATA[20.00]]>
              </value>
            </param>
            <param index="12">
              <value>
                <![CDATA[2]]>
              </value>
            </param>
            <param index="13">
              <value>
                <![CDATA[30]]>
              </value>
            </param>
          </params>
          <exception class="org.openqa.selenium.ElementNotVisibleException">
            <message>
              <![CDATA[Create Ticket Button
Build info: version: '2.53.1', revision: 'a36b8b1cd5757287168e54b817830adce9b0158d', time: '2016-06-30 19:26:09'
System info: host: 'ribhu', ip: '192.168.15.168', os.name: 'Windows 10', os.arch: 'amd64', os.version: '10.0', java.version: '1.8.0_101'
Driver info: driver.version: unknown]]>
            </message>
            <full-stacktrace>
              <![CDATA[org.openqa.selenium.ElementNotVisibleException: Create Ticket Button
Build info: version: '2.53.1', revision: 'a36b8b1cd5757287168e54b817830adce9b0158d', time: '2016-06-30 19:26:09'
System info: host: 'ribhu', ip: '192.168.15.168', os.name: 'Windows 10', os.arch: 'amd64', os.version: '10.0', java.version: '1.8.0_101'
Driver info: driver.version: unknown
	at com.IgniteEvents.automation.elements.impl.ElementImpl.click(ElementImpl.java:282)
	at com.IgniteEvents.automation.elements.impl.ElementImpl.click(ElementImpl.java:92)
	at com.IgniteEvents.automation.elements.impl.ButtonImpl.click(ButtonImpl.java:1)
	at com.IgniteEvents.automation.pages.hq.events.AddEventPage.createTicket(AddEventPage.java:105)
	at com.IgniteEvents.automation.CreateEventTest.createEventTest(CreateEventTest.java:39)
	at sun.reflect.NativeMethodAccessorImpl.invoke0(Native Method)
	at sun.reflect.NativeMethodAccessorImpl.invoke(Unknown Source)
	at sun.reflect.DelegatingMethodAccessorImpl.invoke(Unknown Source)
	at java.lang.reflect.Method.invoke(Unknown Source)
	at org.testng.internal.MethodInvocationHelper.invokeMethod(MethodInvocationHelper.java:80)
	at org.testng.internal.Invoker.invokeMethod(Invoker.java:714)
	at org.testng.internal.Invoker.retryFailed(Invoker.java:1049)
	at org.testng.internal.Invoker.invokeTestMethods(Invoker.java:1254)
	at org.testng.internal.TestMethodWorker.invokeTestMethods(TestMethodWorker.java:127)
	at org.testng.internal.TestMethodWorker.run(TestMethodWorker.java:111)
	at org.testng.TestRunner.privateRun(TestRunner.java:767)
	at org.testng.TestRunner.run(TestRunner.java:617)
	at org.testng.SuiteRunner.runTest(SuiteRunner.java:334)
	at org.testng.SuiteRunner.runSequentially(SuiteRunner.java:329)
	at org.testng.SuiteRunner.privateRun(SuiteRunner.java:291)
	at org.testng.SuiteRunner.run(SuiteRunner.java:240)
	at org.testng.SuiteRunnerWorker.runSuite(SuiteRunnerWorker.java:52)
	at org.testng.SuiteRunnerWorker.run(SuiteRunnerWorker.java:86)
	at org.testng.TestNG.runSuitesSequentially(TestNG.java:1198)
	at org.testng.TestNG.runSuitesLocally(TestNG.java:1123)
	at org.testng.TestNG.run(TestNG.java:1031)
	at org.testng.remote.AbstractRemoteTestNG.run(AbstractRemoteTestNG.java:126)
	at org.testng.remote.RemoteTestNG.initAndRun(RemoteTestNG.java:152)
	at org.testng.remote.RemoteTestNG.main(RemoteTestNG.java:57)
]]>
            </full-stacktrace>
          </exception> <!-- org.openqa.selenium.ElementNotVisibleException -->
          <reporter-output>
          </reporter-output>
        </test-method> <!-- createEventTest -->
        <test-method status="FAIL" signature="createEventTest(java.lang.String, java.lang.String, java.lang.String, java.lang.String, java.lang.String, java.lang.String, java.lang.String, java.lang.String, java.lang.String, java.lang.String, java.lang.String, java.lang.String, java.lang.String, java.lang.String)[pri:0, instance:com.IgniteEvents.automation.CreateEventTest@3c7f66c4]" name="createEventTest" duration-ms="102566" started-at="2016-10-17T14:47:38Z" finished-at="2016-10-17T14:49:20Z">
          <params>
            <param index="0">
              <value>
                <![CDATA[eventRefferanceName]]>
              </value>
            </param>
            <param index="1">
              <value>
                <![CDATA[eventDescription]]>
              </value>
            </param>
            <param index="2">
              <value>
                <![CDATA[eventVisiblename]]>
              </value>
            </param>
            <param index="3">
              <value>
                <![CDATA[(GMT-05:00) Eastern Time]]>
              </value>
            </param>
            <param index="4">
              <value>
                <![CDATA[eventLocation]]>
              </value>
            </param>
            <param index="5">
              <value>
                <![CDATA[350 5th Ave]]>
              </value>
            </param>
            <param index="6">
              <value>
                <![CDATA[New York]]>
              </value>
            </param>
            <param index="7">
              <value>
                <![CDATA[New York]]>
              </value>
            </param>
            <param index="8">
              <value>
                <![CDATA[10118]]>
              </value>
            </param>
            <param index="9">
              <value>
                <![CDATA[ticketName]]>
              </value>
            </param>
            <param index="10">
              <value>
                <![CDATA[ticketDescription]]>
              </value>
            </param>
            <param index="11">
              <value>
                <![CDATA[20.00]]>
              </value>
            </param>
            <param index="12">
              <value>
                <![CDATA[2]]>
              </value>
            </param>
            <param index="13">
              <value>
                <![CDATA[30]]>
              </value>
            </param>
          </params>
          <exception class="org.openqa.selenium.ElementNotVisibleException">
            <message>
              <![CDATA[Create Ticket Button
Build info: version: '2.53.1', revision: 'a36b8b1cd5757287168e54b817830adce9b0158d', time: '2016-06-30 19:26:09'
System info: host: 'ribhu', ip: '192.168.15.168', os.name: 'Windows 10', os.arch: 'amd64', os.version: '10.0', java.version: '1.8.0_101'
Driver info: driver.version: unknown]]>
            </message>
            <full-stacktrace>
              <![CDATA[org.openqa.selenium.ElementNotVisibleException: Create Ticket Button
Build info: version: '2.53.1', revision: 'a36b8b1cd5757287168e54b817830adce9b0158d', time: '2016-06-30 19:26:09'
System info: host: 'ribhu', ip: '192.168.15.168', os.name: 'Windows 10', os.arch: 'amd64', os.version: '10.0', java.version: '1.8.0_101'
Driver info: driver.version: unknown
	at com.IgniteEvents.automation.elements.impl.ElementImpl.click(ElementImpl.java:282)
	at com.IgniteEvents.automation.elements.impl.ElementImpl.click(ElementImpl.java:92)
	at com.IgniteEvents.automation.elements.impl.ButtonImpl.click(ButtonImpl.java:1)
	at com.IgniteEvents.automation.pages.hq.events.AddEventPage.createTicket(AddEventPage.java:105)
	at com.IgniteEvents.automation.CreateEventTest.createEventTest(CreateEventTest.java:39)
	at sun.reflect.NativeMethodAccessorImpl.invoke0(Native Method)
	at sun.reflect.NativeMethodAccessorImpl.invoke(Unknown Source)
	at sun.reflect.DelegatingMethodAccessorImpl.invoke(Unknown Source)
	at java.lang.reflect.Method.invoke(Unknown Source)
	at org.testng.internal.MethodInvocationHelper.invokeMethod(MethodInvocationHelper.java:80)
	at org.testng.internal.Invoker.invokeMethod(Invoker.java:714)
	at org.testng.internal.Invoker.retryFailed(Invoker.java:1049)
	at org.testng.internal.Invoker.invokeTestMethods(Invoker.java:1254)
	at org.testng.internal.TestMethodWorker.invokeTestMethods(TestMethodWorker.java:127)
	at org.testng.internal.TestMethodWorker.run(TestMethodWorker.java:111)
	at org.testng.TestRunner.privateRun(TestRunner.java:767)
	at org.testng.TestRunner.run(TestRunner.java:617)
	at org.testng.SuiteRunner.runTest(SuiteRunner.java:334)
	at org.testng.SuiteRunner.runSequentially(SuiteRunner.java:329)
	at org.testng.SuiteRunner.privateRun(SuiteRunner.java:291)
	at org.testng.SuiteRunner.run(SuiteRunner.java:240)
	at org.testng.SuiteRunnerWorker.runSuite(SuiteRunnerWorker.java:52)
	at org.testng.SuiteRunnerWorker.run(SuiteRunnerWorker.java:86)
	at org.testng.TestNG.runSuitesSequentially(TestNG.java:1198)
	at org.testng.TestNG.runSuitesLocally(TestNG.java:1123)
	at org.testng.TestNG.run(TestNG.java:1031)
	at org.testng.remote.AbstractRemoteTestNG.run(AbstractRemoteTestNG.java:126)
	at org.testng.remote.RemoteTestNG.initAndRun(RemoteTestNG.java:152)
	at org.testng.remote.RemoteTestNG.main(RemoteTestNG.java:57)
]]>
            </full-stacktrace>
          </exception> <!-- org.openqa.selenium.ElementNotVisibleException -->
          <reporter-output>
            <line>
              <![CDATA[Steps:]]>
            </line>
            <line>
              <![CDATA[Open https://hq.test.igniteaction.net]]>
            </line>
            <line>
              <![CDATA[Type eventRefferanceNameXCOZn in to the Event Refferance Name]]>
            </line>
            <line>
              <![CDATA[Type eventDescription8BRyS in to the Event Description ]]>
            </line>
            <line>
              <![CDATA[Type eventVisiblename1WABjucxKD in to the Event Visible Name ]]>
            </line>
            <line>
              <![CDATA[Type eventLocation in to the Event Location Name ]]>
            </line>
            <line>
              <![CDATA[Type 10/17/2016 in to the ENDTime]]>
            </line>
            <line>
              <![CDATA[Type 10/22/2016 in to the EndDate]]>
            </line>
            <line>
              <![CDATA[Click on (GMT-05:00) Eastern Time item]]>
            </line>
            <line>
              <![CDATA[Type 350 5th Ave in to the Event Location address ]]>
            </line>
            <line>
              <![CDATA[Type New York in to the Event Location address ]]>
            </line>
            <line>
              <![CDATA[Click on New York item]]>
            </line>
            <line>
              <![CDATA[Type 10118 in to the Even  Location Zip]]>
            </line>
            <line>
              <![CDATA[<a href='file:///E:\git\automation\test-output\fail-screenshots\createEventTest.png'>Screenshot</a>]]>
            </line>
          </reporter-output>
        </test-method> <!-- createEventTest -->
        <test-method status="SKIP" signature="eventCheckout()[pri:0, instance:com.IgniteEvents.automation.CreateEventTest@3c7f66c4]" name="eventCheckout" duration-ms="0" started-at="2016-10-17T14:49:21Z" depends-on-methods="com.IgniteEvents.automation.CreateEventTest.createEventTest" finished-at="2016-10-17T14:49:21Z">
          <reporter-output>
          </reporter-output>
        </test-method> <!-- eventCheckout -->
        <test-method status="PASS" signature="stopTestOnDriver()[pri:0, instance:com.IgniteEvents.automation.CreateEventTest@3c7f66c4]" name="stopTestOnDriver" is-config="true" duration-ms="535" started-at="2016-10-17T14:49:21Z" finished-at="2016-10-17T14:49:21Z">
          <reporter-output>
          </reporter-output>
        </test-method> <!-- stopTestOnDriver -->
      </class> <!-- com.IgniteEvents.automation.CreateEventTest -->
    </test> <!-- Cretae and publish Event FIREFOX -->
  </suite> <!-- Create Event Test -->
</testng-results>
