2016-10-17 14:43:36.750 [main] INFO  com.IgniteEvents.automation.common.SeleneseTestCase - Current Operating System: windows
2016-10-17 14:43:36.752 [main] INFO  com.IgniteEvents.automation.common.SeleneseTestCase - Current Architecture: 64 bit
2016-10-17 14:43:36.752 [main] INFO  com.IgniteEvents.automation.common.SeleneseTestCase - Current Browser Selection: FIREFOX
2016-10-17 14:43:40.612 [main] INFO  com.IgniteEvents.automation.common.SeleneseTestCase - ------------------------------------------------------------------------------------------------------------
2016-10-17 14:43:40.612 [main] INFO  com.IgniteEvents.automation.common.SeleneseTestCase - Run createEventTest test
2016-10-17 14:43:40.847 [main] INFO  com.IgniteEvents.automation.common.SeleneseTestCase - Try to open URL - https://hq.test.igniteaction.net
2016-10-17 14:43:56.686 [main] INFO  com.IgniteEvents.automation.common.SeleneseTestCase - Wait for 3 seconds
2016-10-17 14:43:59.769 [main] INFO  com.IgniteEvents.automation.common.SeleneseTestCase - Check that Dashboard tab is not exists.
2016-10-17 14:44:00.823 [main] INFO  com.IgniteEvents.automation.common.SeleneseTestCase - Type automation1_admin1.612fb360@mailosaur.in in to the Login field
2016-10-17 14:44:01.810 [main] INFO  com.IgniteEvents.automation.common.SeleneseTestCase - Type 11111111 in to the Password field
2016-10-17 14:44:02.316 [main] INFO  com.IgniteEvents.automation.common.SeleneseTestCase - Click on Login button
2016-10-17 14:44:02.758 [main] INFO  com.IgniteEvents.automation.common.SeleneseTestCase - Check that End is not displayed.
2016-10-17 14:44:32.852 [main] INFO  com.IgniteEvents.automation.common.SeleneseTestCase - Wait for 4 seconds
2016-10-17 14:44:36.853 [main] INFO  com.IgniteEvents.automation.common.SeleneseTestCase - Click on Activities tab
2016-10-17 14:44:37.170 [main] INFO  com.IgniteEvents.automation.common.SeleneseTestCase - Click on Ticketted Events
2016-10-17 14:44:39.508 [main] INFO  com.IgniteEvents.automation.common.SeleneseTestCase - Click on Create Event Button
2016-10-17 14:44:44.213 [main] INFO  com.IgniteEvents.automation.common.SeleneseTestCase - Type eventRefferanceNameAydwz in to the Event Refferance Name
2016-10-17 14:44:48.071 [main] INFO  com.IgniteEvents.automation.common.SeleneseTestCase - Type eventDescriptionB3lJM in to the Event Description 
2016-10-17 14:44:48.851 [main] INFO  com.IgniteEvents.automation.common.SeleneseTestCase - Type eventVisiblenamede1UxrPQ4c in to the Event Visible Name 
2016-10-17 14:44:49.789 [main] INFO  com.IgniteEvents.automation.common.SeleneseTestCase - Type eventLocation in to the Event Location Name 
2016-10-17 14:44:50.485 [main] INFO  com.IgniteEvents.automation.common.SeleneseTestCase - Type 10/17/2016 in to the ENDTime
2016-10-17 14:44:51.644 [main] INFO  com.IgniteEvents.automation.common.SeleneseTestCase - Type 10/22/2016 in to the EndDate
2016-10-17 14:44:53.965 [main] INFO  com.IgniteEvents.automation.common.SeleneseTestCase - Select value by label (GMT-05:00) Eastern Time in the DropDown timezones
2016-10-17 14:44:54.539 [main] INFO  com.IgniteEvents.automation.common.SeleneseTestCase - Get item with label (GMT-05:00) Eastern Time
2016-10-17 14:44:54.749 [main] INFO  com.IgniteEvents.automation.common.SeleneseTestCase - (GMT-05:00) Eastern Time item was clicked.
2016-10-17 14:44:54.749 [main] INFO  com.IgniteEvents.automation.common.SeleneseTestCase - Type 350 5th Ave in to the Event Location address 
2016-10-17 14:44:55.528 [main] INFO  com.IgniteEvents.automation.common.SeleneseTestCase - Type New York in to the Event Location address 
2016-10-17 14:44:56.635 [main] INFO  com.IgniteEvents.automation.common.SeleneseTestCase - Select value by label New York in the DropDown states
2016-10-17 14:44:57.296 [main] INFO  com.IgniteEvents.automation.common.SeleneseTestCase - Get item with label New York
2016-10-17 14:44:57.435 [main] INFO  com.IgniteEvents.automation.common.SeleneseTestCase - New York item was clicked.
2016-10-17 14:44:57.436 [main] INFO  com.IgniteEvents.automation.common.SeleneseTestCase - Type 10118 in to the Even  Location Zip
2016-10-17 14:44:58.492 [main] INFO  com.IgniteEvents.automation.common.SeleneseTestCase - Click on Next Tickets Button
2016-10-17 14:45:13.220 [main] INFO  com.IgniteEvents.automation.common.SeleneseTestCase - Click on Create Ticket Button
2016-10-17 14:45:48.184 [main] WARN  com.IgniteEvents.automation.common.SeleneseTestCase - Error in createEventTest. Retrying... org.openqa.selenium.ElementNotVisibleException: Create Ticket Button
Build info: version: '2.53.1', revision: 'a36b8b1cd5757287168e54b817830adce9b0158d', time: '2016-06-30 19:26:09'
System info: host: 'ribhu', ip: '192.168.15.168', os.name: 'Windows 10', os.arch: 'amd64', os.version: '10.0', java.version: '1.8.0_101'
Driver info: driver.version: unknown
	at com.IgniteEvents.automation.elements.impl.ElementImpl.click(ElementImpl.java:282) ~[classes/:?]
	at com.IgniteEvents.automation.elements.impl.ElementImpl.click(ElementImpl.java:92) ~[classes/:?]
	at com.IgniteEvents.automation.elements.impl.ButtonImpl.click(ButtonImpl.java:1) ~[classes/:?]
	at com.IgniteEvents.automation.pages.hq.events.AddEventPage.createTicket(AddEventPage.java:105) ~[classes/:?]
	at com.IgniteEvents.automation.CreateEventTest.createEventTest(CreateEventTest.java:39) ~[test-classes/:?]
	at sun.reflect.NativeMethodAccessorImpl.invoke0(Native Method) ~[?:1.8.0_101]
	at sun.reflect.NativeMethodAccessorImpl.invoke(Unknown Source) ~[?:1.8.0_101]
	at sun.reflect.DelegatingMethodAccessorImpl.invoke(Unknown Source) ~[?:1.8.0_101]
	at java.lang.reflect.Method.invoke(Unknown Source) ~[?:1.8.0_101]
	at org.testng.internal.MethodInvocationHelper.invokeMethod(MethodInvocationHelper.java:80) ~[testng-6.8.jar:?]
	at org.testng.internal.Invoker.invokeMethod(Invoker.java:714) [testng-6.8.jar:?]
	at org.testng.internal.Invoker.invokeTestMethod(Invoker.java:901) [testng-6.8.jar:?]
	at org.testng.internal.Invoker.invokeTestMethods(Invoker.java:1231) [testng-6.8.jar:?]
	at org.testng.internal.TestMethodWorker.invokeTestMethods(TestMethodWorker.java:127) [testng-6.8.jar:?]
	at org.testng.internal.TestMethodWorker.run(TestMethodWorker.java:111) [testng-6.8.jar:?]
	at org.testng.TestRunner.privateRun(TestRunner.java:767) [testng-6.8.jar:?]
	at org.testng.TestRunner.run(TestRunner.java:617) [testng-6.8.jar:?]
	at org.testng.SuiteRunner.runTest(SuiteRunner.java:334) [testng-6.8.jar:?]
	at org.testng.SuiteRunner.runSequentially(SuiteRunner.java:329) [testng-6.8.jar:?]
	at org.testng.SuiteRunner.privateRun(SuiteRunner.java:291) [testng-6.8.jar:?]
	at org.testng.SuiteRunner.run(SuiteRunner.java:240) [testng-6.8.jar:?]
	at org.testng.SuiteRunnerWorker.runSuite(SuiteRunnerWorker.java:52) [testng-6.8.jar:?]
	at org.testng.SuiteRunnerWorker.run(SuiteRunnerWorker.java:86) [testng-6.8.jar:?]
	at org.testng.TestNG.runSuitesSequentially(TestNG.java:1198) [testng-6.8.jar:?]
	at org.testng.TestNG.runSuitesLocally(TestNG.java:1123) [testng-6.8.jar:?]
	at org.testng.TestNG.run(TestNG.java:1031) [testng-6.8.jar:?]
	at org.testng.remote.AbstractRemoteTestNG.run(AbstractRemoteTestNG.java:126) [testng-remote.jar:?]
	at org.testng.remote.RemoteTestNG.initAndRun(RemoteTestNG.java:152) [testng-remote.jar:?]
	at org.testng.remote.RemoteTestNG.main(RemoteTestNG.java:57) [testng-remote.jar:?]

2016-10-17 14:45:48.187 [main] INFO  com.IgniteEvents.automation.common.SeleneseTestCase - Setting test run attempt status to SKIPPED
2016-10-17 14:45:48.189 [main] INFO  com.IgniteEvents.automation.common.SeleneseTestCase - Try to delete coockies
2016-10-17 14:45:48.216 [main] INFO  com.IgniteEvents.automation.common.SeleneseTestCase - ------------------------------------------------------------------------------------------------------------
2016-10-17 14:45:48.216 [main] INFO  com.IgniteEvents.automation.common.SeleneseTestCase - Run createEventTest test
2016-10-17 14:45:48.218 [main] INFO  com.IgniteEvents.automation.common.SeleneseTestCase - Try to open URL - https://hq.test.igniteaction.net
2016-10-17 14:45:52.422 [main] INFO  com.IgniteEvents.automation.common.SeleneseTestCase - Wait for 3 seconds
2016-10-17 14:45:55.424 [main] INFO  com.IgniteEvents.automation.common.SeleneseTestCase - Check that Dashboard tab is not exists.
2016-10-17 14:45:55.608 [main] INFO  com.IgniteEvents.automation.common.SeleneseTestCase - Check that End is not displayed.
2016-10-17 14:46:25.677 [main] INFO  com.IgniteEvents.automation.common.SeleneseTestCase - Wait for 4 seconds
2016-10-17 14:46:29.678 [main] INFO  com.IgniteEvents.automation.common.SeleneseTestCase - Click on Activities tab
2016-10-17 14:46:30.501 [main] INFO  com.IgniteEvents.automation.common.SeleneseTestCase - Click on Ticketted Events
2016-10-17 14:46:34.495 [main] INFO  com.IgniteEvents.automation.common.SeleneseTestCase - Click on Create Event Button
2016-10-17 14:46:38.927 [main] INFO  com.IgniteEvents.automation.common.SeleneseTestCase - Type eventRefferanceNamejO1Ri in to the Event Refferance Name
2016-10-17 14:46:42.241 [main] INFO  com.IgniteEvents.automation.common.SeleneseTestCase - Type eventDescription6iuO0 in to the Event Description 
2016-10-17 14:46:43.141 [main] INFO  com.IgniteEvents.automation.common.SeleneseTestCase - Type eventVisiblenameG2mIYCFJCw in to the Event Visible Name 
2016-10-17 14:46:44.085 [main] INFO  com.IgniteEvents.automation.common.SeleneseTestCase - Type eventLocation in to the Event Location Name 
2016-10-17 14:46:44.972 [main] INFO  com.IgniteEvents.automation.common.SeleneseTestCase - Type 10/17/2016 in to the ENDTime
2016-10-17 14:46:47.643 [main] INFO  com.IgniteEvents.automation.common.SeleneseTestCase - Type 10/22/2016 in to the EndDate
2016-10-17 14:46:48.823 [main] INFO  com.IgniteEvents.automation.common.SeleneseTestCase - Select value by label (GMT-05:00) Eastern Time in the DropDown timezones
2016-10-17 14:46:49.379 [main] INFO  com.IgniteEvents.automation.common.SeleneseTestCase - Get item with label (GMT-05:00) Eastern Time
2016-10-17 14:46:49.553 [main] INFO  com.IgniteEvents.automation.common.SeleneseTestCase - (GMT-05:00) Eastern Time item was clicked.
2016-10-17 14:46:49.553 [main] INFO  com.IgniteEvents.automation.common.SeleneseTestCase - Type 350 5th Ave in to the Event Location address 
2016-10-17 14:46:50.367 [main] INFO  com.IgniteEvents.automation.common.SeleneseTestCase - Type New York in to the Event Location address 
2016-10-17 14:46:51.103 [main] INFO  com.IgniteEvents.automation.common.SeleneseTestCase - Select value by label New York in the DropDown states
2016-10-17 14:46:51.655 [main] INFO  com.IgniteEvents.automation.common.SeleneseTestCase - Get item with label New York
2016-10-17 14:46:52.145 [main] INFO  com.IgniteEvents.automation.common.SeleneseTestCase - New York item was clicked.
2016-10-17 14:46:52.145 [main] INFO  com.IgniteEvents.automation.common.SeleneseTestCase - Type 10118 in to the Even  Location Zip
2016-10-17 14:46:53.278 [main] INFO  com.IgniteEvents.automation.common.SeleneseTestCase - Click on Next Tickets Button
2016-10-17 14:47:07.195 [main] INFO  com.IgniteEvents.automation.common.SeleneseTestCase - Click on Create Ticket Button
2016-10-17 14:47:38.350 [main] WARN  com.IgniteEvents.automation.common.SeleneseTestCase - Error in createEventTest. Retrying... org.openqa.selenium.ElementNotVisibleException: Create Ticket Button
Build info: version: '2.53.1', revision: 'a36b8b1cd5757287168e54b817830adce9b0158d', time: '2016-06-30 19:26:09'
System info: host: 'ribhu', ip: '192.168.15.168', os.name: 'Windows 10', os.arch: 'amd64', os.version: '10.0', java.version: '1.8.0_101'
Driver info: driver.version: unknown
	at com.IgniteEvents.automation.elements.impl.ElementImpl.click(ElementImpl.java:282) ~[classes/:?]
	at com.IgniteEvents.automation.elements.impl.ElementImpl.click(ElementImpl.java:92) ~[classes/:?]
	at com.IgniteEvents.automation.elements.impl.ButtonImpl.click(ButtonImpl.java:1) ~[classes/:?]
	at com.IgniteEvents.automation.pages.hq.events.AddEventPage.createTicket(AddEventPage.java:105) ~[classes/:?]
	at com.IgniteEvents.automation.CreateEventTest.createEventTest(CreateEventTest.java:39) ~[test-classes/:?]
	at sun.reflect.NativeMethodAccessorImpl.invoke0(Native Method) ~[?:1.8.0_101]
	at sun.reflect.NativeMethodAccessorImpl.invoke(Unknown Source) ~[?:1.8.0_101]
	at sun.reflect.DelegatingMethodAccessorImpl.invoke(Unknown Source) ~[?:1.8.0_101]
	at java.lang.reflect.Method.invoke(Unknown Source) ~[?:1.8.0_101]
	at org.testng.internal.MethodInvocationHelper.invokeMethod(MethodInvocationHelper.java:80) ~[testng-6.8.jar:?]
	at org.testng.internal.Invoker.invokeMethod(Invoker.java:714) [testng-6.8.jar:?]
	at org.testng.internal.Invoker.retryFailed(Invoker.java:1049) [testng-6.8.jar:?]
	at org.testng.internal.Invoker.invokeTestMethods(Invoker.java:1254) [testng-6.8.jar:?]
	at org.testng.internal.TestMethodWorker.invokeTestMethods(TestMethodWorker.java:127) [testng-6.8.jar:?]
	at org.testng.internal.TestMethodWorker.run(TestMethodWorker.java:111) [testng-6.8.jar:?]
	at org.testng.TestRunner.privateRun(TestRunner.java:767) [testng-6.8.jar:?]
	at org.testng.TestRunner.run(TestRunner.java:617) [testng-6.8.jar:?]
	at org.testng.SuiteRunner.runTest(SuiteRunner.java:334) [testng-6.8.jar:?]
	at org.testng.SuiteRunner.runSequentially(SuiteRunner.java:329) [testng-6.8.jar:?]
	at org.testng.SuiteRunner.privateRun(SuiteRunner.java:291) [testng-6.8.jar:?]
	at org.testng.SuiteRunner.run(SuiteRunner.java:240) [testng-6.8.jar:?]
	at org.testng.SuiteRunnerWorker.runSuite(SuiteRunnerWorker.java:52) [testng-6.8.jar:?]
	at org.testng.SuiteRunnerWorker.run(SuiteRunnerWorker.java:86) [testng-6.8.jar:?]
	at org.testng.TestNG.runSuitesSequentially(TestNG.java:1198) [testng-6.8.jar:?]
	at org.testng.TestNG.runSuitesLocally(TestNG.java:1123) [testng-6.8.jar:?]
	at org.testng.TestNG.run(TestNG.java:1031) [testng-6.8.jar:?]
	at org.testng.remote.AbstractRemoteTestNG.run(AbstractRemoteTestNG.java:126) [testng-remote.jar:?]
	at org.testng.remote.RemoteTestNG.initAndRun(RemoteTestNG.java:152) [testng-remote.jar:?]
	at org.testng.remote.RemoteTestNG.main(RemoteTestNG.java:57) [testng-remote.jar:?]

2016-10-17 14:47:38.352 [main] INFO  com.IgniteEvents.automation.common.SeleneseTestCase - Setting test run attempt status to SKIPPED
2016-10-17 14:47:38.356 [main] INFO  com.IgniteEvents.automation.common.SeleneseTestCase - Try to delete coockies
2016-10-17 14:47:38.390 [main] INFO  com.IgniteEvents.automation.common.SeleneseTestCase - ------------------------------------------------------------------------------------------------------------
2016-10-17 14:47:38.391 [main] INFO  com.IgniteEvents.automation.common.SeleneseTestCase - Run createEventTest test
2016-10-17 14:47:38.392 [main] INFO  com.IgniteEvents.automation.common.SeleneseTestCase - Try to open URL - https://hq.test.igniteaction.net
2016-10-17 14:47:42.715 [main] INFO  com.IgniteEvents.automation.common.SeleneseTestCase - Wait for 3 seconds
2016-10-17 14:47:45.717 [main] INFO  com.IgniteEvents.automation.common.SeleneseTestCase - Check that Dashboard tab is not exists.
2016-10-17 14:47:46.457 [main] INFO  com.IgniteEvents.automation.common.SeleneseTestCase - Check that End is not displayed.
2016-10-17 14:48:16.520 [main] INFO  com.IgniteEvents.automation.common.SeleneseTestCase - Wait for 4 seconds
2016-10-17 14:48:20.520 [main] INFO  com.IgniteEvents.automation.common.SeleneseTestCase - Click on Activities tab
2016-10-17 14:48:21.358 [main] INFO  com.IgniteEvents.automation.common.SeleneseTestCase - Click on Ticketted Events
2016-10-17 14:48:25.274 [main] INFO  com.IgniteEvents.automation.common.SeleneseTestCase - Click on Create Event Button
2016-10-17 14:48:29.646 [main] INFO  com.IgniteEvents.automation.common.SeleneseTestCase - Type eventRefferanceNameXCOZn in to the Event Refferance Name
2016-10-17 14:48:32.993 [main] INFO  com.IgniteEvents.automation.common.SeleneseTestCase - Type eventDescription8BRyS in to the Event Description 
2016-10-17 14:48:33.935 [main] INFO  com.IgniteEvents.automation.common.SeleneseTestCase - Type eventVisiblename1WABjucxKD in to the Event Visible Name 
2016-10-17 14:48:34.833 [main] INFO  com.IgniteEvents.automation.common.SeleneseTestCase - Type eventLocation in to the Event Location Name 
2016-10-17 14:48:35.904 [main] INFO  com.IgniteEvents.automation.common.SeleneseTestCase - Type 10/17/2016 in to the ENDTime
2016-10-17 14:48:37.291 [main] INFO  com.IgniteEvents.automation.common.SeleneseTestCase - Type 10/22/2016 in to the EndDate
2016-10-17 14:48:38.731 [main] INFO  com.IgniteEvents.automation.common.SeleneseTestCase - Select value by label (GMT-05:00) Eastern Time in the DropDown timezones
2016-10-17 14:48:39.325 [main] INFO  com.IgniteEvents.automation.common.SeleneseTestCase - Get item with label (GMT-05:00) Eastern Time
2016-10-17 14:48:39.498 [main] INFO  com.IgniteEvents.automation.common.SeleneseTestCase - (GMT-05:00) Eastern Time item was clicked.
2016-10-17 14:48:39.498 [main] INFO  com.IgniteEvents.automation.common.SeleneseTestCase - Type 350 5th Ave in to the Event Location address 
2016-10-17 14:48:40.378 [main] INFO  com.IgniteEvents.automation.common.SeleneseTestCase - Type New York in to the Event Location address 
2016-10-17 14:48:41.129 [main] INFO  com.IgniteEvents.automation.common.SeleneseTestCase - Select value by label New York in the DropDown states
2016-10-17 14:48:41.966 [main] INFO  com.IgniteEvents.automation.common.SeleneseTestCase - Get item with label New York
2016-10-17 14:48:42.130 [main] INFO  com.IgniteEvents.automation.common.SeleneseTestCase - New York item was clicked.
2016-10-17 14:48:42.131 [main] INFO  com.IgniteEvents.automation.common.SeleneseTestCase - Type 10118 in to the Even  Location Zip
2016-10-17 14:48:43.171 [main] INFO  com.IgniteEvents.automation.common.SeleneseTestCase - Click on Next Tickets Button
2016-10-17 14:48:49.730 [main] INFO  com.IgniteEvents.automation.common.SeleneseTestCase - Click on Create Ticket Button
2016-10-17 14:49:20.956 [main] ERROR com.IgniteEvents.automation.common.SeleneseTestCase - Retry limit exceeded for createEventTest
2016-10-17 14:49:21.100 [main] INFO  com.IgniteEvents.automation.common.SeleneseTestCase - Screenshot was saved to E:\git\automation\test-output\fail-screenshots\createEventTest.png
2016-10-17 14:49:21.335 [main] ERROR com.IgniteEvents.automation.common.SeleneseTestCase - Test createEventTest is FAILED
2016-10-17 14:49:21.380 [main] INFO  com.IgniteEvents.automation.common.SeleneseTestCase - Try to close selenium
2016-10-17 14:49:21.881 [main] INFO  com.IgniteEvents.automation.common.SeleneseTestCase - The status should be skipped but it is: 2
2016-10-17 14:49:21.882 [main] INFO  com.IgniteEvents.automation.common.SeleneseTestCase - The status should be skipped but it is: 2
