<?xml version="1.0" encoding="UTF-8"?>
<!-- Generated by org.testng.reporters.JUnitXMLReporter -->
<testsuite hostname="ribhu" name="Cretae and publish Event FIREFOX" tests="4" failures="1" timestamp="17 Oct 2016 11:49:21 GMT" time="345.161" errors="0">
  <testcase name="createEventTest" time="127.572" classname="com.IgniteEvents.automation.CreateEventTest">
    <skipped/>
  </testcase> <!-- createEventTest -->
  <testcase name="createEventTest" time="110.133" classname="com.IgniteEvents.automation.CreateEventTest">
    <skipped/>
  </testcase> <!-- createEventTest -->
  <testcase name="createEventTest" time="102.566" classname="com.IgniteEvents.automation.CreateEventTest">
    <failure type="org.openqa.selenium.ElementNotVisibleException" message="Create Ticket Button
Build info: version: &amp;apos;2.53.1&amp;apos;, revision: &amp;apos;a36b8b1cd5757287168e54b817830adce9b0158d&amp;apos;, time: &amp;apos;2016-06-30 19:26:09&amp;apos;
System info: host: &amp;apos;ribhu&amp;apos;, ip: &amp;apos;192.168.15.168&amp;apos;, os.name: &amp;apos;Windows 10&amp;apos;, os.arch: &amp;apos;amd64&amp;apos;, os.version: &amp;apos;10.0&amp;apos;, java.version: &amp;apos;1.8.0_101&amp;apos;
Driver info: driver.version: unknown">
      <![CDATA[org.openqa.selenium.ElementNotVisibleException: Create Ticket Button
Build info: version: '2.53.1', revision: 'a36b8b1cd5757287168e54b817830adce9b0158d', time: '2016-06-30 19:26:09'
System info: host: 'ribhu', ip: '192.168.15.168', os.name: 'Windows 10', os.arch: 'amd64', os.version: '10.0', java.version: '1.8.0_101'
Driver info: driver.version: unknown
	at com.IgniteEvents.automation.elements.impl.ElementImpl.click(ElementImpl.java:282)
	at com.IgniteEvents.automation.elements.impl.ElementImpl.click(ElementImpl.java:92)
	at com.IgniteEvents.automation.elements.impl.ButtonImpl.click(ButtonImpl.java:1)
	at com.IgniteEvents.automation.pages.hq.events.AddEventPage.createTicket(AddEventPage.java:105)
	at com.IgniteEvents.automation.CreateEventTest.createEventTest(CreateEventTest.java:39)
	at sun.reflect.NativeMethodAccessorImpl.invoke0(Native Method)
	at sun.reflect.NativeMethodAccessorImpl.invoke(Unknown Source)
	at sun.reflect.DelegatingMethodAccessorImpl.invoke(Unknown Source)
	at java.lang.reflect.Method.invoke(Unknown Source)
	at org.testng.internal.MethodInvocationHelper.invokeMethod(MethodInvocationHelper.java:80)
	at org.testng.internal.Invoker.invokeMethod(Invoker.java:714)
	at org.testng.internal.Invoker.retryFailed(Invoker.java:1049)
	at org.testng.internal.Invoker.invokeTestMethods(Invoker.java:1254)
	at org.testng.internal.TestMethodWorker.invokeTestMethods(TestMethodWorker.java:127)
	at org.testng.internal.TestMethodWorker.run(TestMethodWorker.java:111)
	at org.testng.TestRunner.privateRun(TestRunner.java:767)
	at org.testng.TestRunner.run(TestRunner.java:617)
	at org.testng.SuiteRunner.runTest(SuiteRunner.java:334)
	at org.testng.SuiteRunner.runSequentially(SuiteRunner.java:329)
	at org.testng.SuiteRunner.privateRun(SuiteRunner.java:291)
	at org.testng.SuiteRunner.run(SuiteRunner.java:240)
	at org.testng.SuiteRunnerWorker.runSuite(SuiteRunnerWorker.java:52)
	at org.testng.SuiteRunnerWorker.run(SuiteRunnerWorker.java:86)
	at org.testng.TestNG.runSuitesSequentially(TestNG.java:1198)
	at org.testng.TestNG.runSuitesLocally(TestNG.java:1123)
	at org.testng.TestNG.run(TestNG.java:1031)
	at org.testng.remote.AbstractRemoteTestNG.run(AbstractRemoteTestNG.java:126)
	at org.testng.remote.RemoteTestNG.initAndRun(RemoteTestNG.java:152)
	at org.testng.remote.RemoteTestNG.main(RemoteTestNG.java:57)
]]>
    </failure>
  </testcase> <!-- createEventTest -->
  <testcase name="eventCheckout" time="0.0" classname="com.IgniteEvents.automation.CreateEventTest">
    <skipped/>
  </testcase> <!-- eventCheckout -->
</testsuite> <!-- Cretae and publish Event FIREFOX -->
